<?xml version="1.0" encoding="UTF-8"?>
<!-- Generated by org.testng.reporters.JUnitXMLReporter -->
<testsuite ignored="0" hostname="MonaMac" failures="0" tests="9" name="Default test" time="86.007" errors="0" timestamp="14 Jun 2022 06:24:13 GMT">
  <testcase classname="com.cloudmiracle.qa.testcases.SignUpPageTestCases" name="verifyRegisterFunctionality" time="2.112"/>
  <testcase classname="com.cloudmiracle.qa.testcases.SignUpPageTestCases" name="verifyRegisterFunctionality" time="1.515"/>
  <testcase classname="com.cloudmiracle.qa.testcases.SignUpPageTestCases" name="verifyRegisterFunctionality" time="1.515"/>
  <testcase classname="com.cloudmiracle.qa.testcases.SignUpPageTestCases" name="verifyCmpLogoImg" time="0.049"/>
  <testcase classname="com.cloudmiracle.qa.testcases.SignUpPageTestCases" name="verifyBackgroundImg" time="0.029"/>
  <testcase classname="com.cloudmiracle.qa.testcases.SignUpPageTestCases" name="verifySignUpPageCaption" time="0.026"/>
  <testcase classname="com.cloudmiracle.qa.testcases.SignUpPageTestCases" name="verifyLoginLink" time="0.031"/>
  <testcase classname="com.cloudmiracle.qa.testcases.SignUpPageTestCases" name="verifyLoginLinkEnable" time="0.02"/>
  <testcase classname="com.cloudmiracle.qa.testcases.SignUpPageTestCases" name="verifyLoginText" time="0.027"/>
</testsuite> <!-- Default test -->
