<?xml version="1.0" encoding="UTF-8"?>
<!-- Generated by org.testng.reporters.JUnitXMLReporter -->
<testsuite ignored="0" hostname="MonaMac" failures="0" tests="42" name="Test" time="598.788" errors="0" timestamp="15 Jun 2022 07:33:44 GMT">
  <testcase classname="com.cloudmiracle.qa.testcases.SignUpPageTestCases" name="verifyCmpLogoImg" time="0.055"/>
  <testcase classname="com.cloudmiracle.qa.testcases.LoginPageTestcases" name="verifyLoginPageTitle" time="0.021"/>
  <testcase classname="com.cloudmiracle.qa.testcases.CompanyListPageTestcases" name="verifyTimeLeftElement" time="3.394"/>
  <testcase classname="com.cloudmiracle.qa.testcases.SignUpPageTestCases" name="verifyBackgroundImg" time="0.033"/>
  <testcase classname="com.cloudmiracle.qa.testcases.LoginPageTestcases" name="verifyCmpLogoImg" time="0.036"/>
  <testcase classname="com.cloudmiracle.qa.testcases.CompanyListPageTestcases" name="verifyUserNameElement" time="14.025"/>
  <testcase classname="com.cloudmiracle.qa.testcases.SignUpPageTestCases" name="verifySignUpPageCaption" time="0.026"/>
  <testcase classname="com.cloudmiracle.qa.testcases.LoginPageTestcases" name="verifyBackgroundImg" time="0.036"/>
  <testcase classname="com.cloudmiracle.qa.testcases.CompanyListPageTestcases" name="verifyLogoutElement" time="4.035"/>
  <testcase classname="com.cloudmiracle.qa.testcases.SignUpPageTestCases" name="verifyLoginLink" time="0.031"/>
  <testcase classname="com.cloudmiracle.qa.testcases.LoginPageTestcases" name="verifyLoginPageCaption" time="0.03"/>
  <testcase classname="com.cloudmiracle.qa.testcases.CompanyListPageTestcases" name="verifyCmpListPageCaption" time="13.482"/>
  <testcase classname="com.cloudmiracle.qa.testcases.SignUpPageTestCases" name="verifyLoginLinkEnable" time="0.02"/>
  <testcase classname="com.cloudmiracle.qa.testcases.LoginPageTestcases" name="verifySignUpLink" time="0.042"/>
  <testcase classname="com.cloudmiracle.qa.testcases.CompanyListPageTestcases" name="verifySearchElement" time="13.911"/>
  <testcase classname="com.cloudmiracle.qa.testcases.SignUpPageTestCases" name="verifyLoginText" time="0.023"/>
  <testcase classname="com.cloudmiracle.qa.testcases.LoginPageTestcases" name="verifySignUpLinkEnable" time="0.029"/>
  <testcase classname="com.cloudmiracle.qa.testcases.CompanyListPageTestcases" name="verifyCmpListTableHeader" time="13.772"/>
  <testcase classname="com.cloudmiracle.qa.testcases.SignUpPageTestCases" name="verifyRegisterFunctionality" time="1.52"/>
  <testcase classname="com.cloudmiracle.qa.testcases.SignUpPageTestCases" name="verifyRegisterFunctionality" time="1.448"/>
  <testcase classname="com.cloudmiracle.qa.testcases.SignUpPageTestCases" name="verifyRegisterFunctionality" time="1.432"/>
  <testcase classname="com.cloudmiracle.qa.testcases.LoginPageTestcases" name="verifySignUPText" time="0.037"/>
  <testcase classname="com.cloudmiracle.qa.testcases.CompanyListPageTestcases" name="verifyCmpListTableContent" time="16.287"/>
  <testcase classname="com.cloudmiracle.qa.testcases.LoginPageTestcases" name="verifySignUPLinkFunctionality" time="3.081"/>
  <testcase classname="com.cloudmiracle.qa.testcases.CompanyListPageTestcases" name="verifyCmpListPageSizeElement" time="17.702"/>
  <testcase classname="com.cloudmiracle.qa.testcases.LoginPageTestcases" name="verifyForgetPWDLink" time="0.035"/>
  <testcase classname="com.cloudmiracle.qa.testcases.CompanyListPageTestcases" name="verifyCmpListTotalPages" time="14.602"/>
  <testcase classname="com.cloudmiracle.qa.testcases.LoginPageTestcases" name="verifyForgotPWDLinkEnable" time="0.027"/>
  <testcase classname="com.cloudmiracle.qa.testcases.CompanyListPageTestcases" name="verifyCmpListAllButtonsElement" time="14.386"/>
  <testcase classname="com.cloudmiracle.qa.testcases.LoginPageTestcases" name="verifyForgotPWDLinkFunctionality" time="0.841"/>
  <testcase classname="com.cloudmiracle.qa.testcases.CompanyListPageTestcases" name="verifyAddBtnFunctionality" time="15.923"/>
  <testcase classname="com.cloudmiracle.qa.testcases.LoginPageTestcases" name="verifyLoginFunctionality" time="1.229"/>
  <testcase classname="com.cloudmiracle.qa.testcases.LoginPageTestcases" name="verifyLoginFunctionality" time="1.118"/>
  <testcase classname="com.cloudmiracle.qa.testcases.CompanyListPageTestcases" name="verifyEditBtnFunctionality" time="17.082"/>
  <testcase classname="com.cloudmiracle.qa.testcases.CompanyListPageTestcases" name="verifyDeleteBtnFunctionality" time="15.303"/>
  <testcase classname="com.cloudmiracle.qa.testcases.CompanyListPageTestcases" name="verifyCmpDetailsAllTabElements" time="16.557"/>
  <testcase classname="com.cloudmiracle.qa.testcases.CompanyListPageTestcases" name="verifyCmpDetailsLegendsElements" time="15.813"/>
  <testcase classname="com.cloudmiracle.qa.testcases.CompanyListPageTestcases" name="verifyCmpDetailsAllButtonsElements" time="15.908"/>
  <testcase classname="com.cloudmiracle.qa.testcases.CompanyListPageTestcases" name="verifyCloseBtnElement" time="15.965"/>
  <testcase classname="com.cloudmiracle.qa.testcases.CompanyListPageTestcases" name="verifytoAddNewCompanyDetailsFunctionality" time="16.975"/>
  <testcase classname="com.cloudmiracle.qa.testcases.CompanyListPageTestcases" name="verifytoAddNewCompanyDetailsFunctionality" time="16.94"/>
  <testcase classname="com.cloudmiracle.qa.testcases.CompanyListPageTestcases" name="verifyLogoutFunctionality" time="3.992"/>
</testsuite> <!-- Test -->
