<?xml version="1.0" encoding="UTF-8"?>
<testsuite xmlns:xsi="http://www.w3.org/2001/XMLSchema-instance" xsi:noNamespaceSchemaLocation="https://maven.apache.org/surefire/maven-surefire-plugin/xsd/surefire-test-report-3.0.xsd" version="3.0" name="TestSuite" time="602.562" tests="42" errors="0" skipped="0" failures="0">
  <properties>
[...]
</properties>
  <testcase name="verifyCmpLogoImg" classname="com.cloudmiracle.qa.testcases.SignUpPageTestCases" time="0.054">
    <system-out><![CDATA[[TestNGContentHandler] [WARN] It is strongly recommended to add "<!DOCTYPE suite SYSTEM "http://testng.org/testng-1.0.dtd" >" at the top of your file, otherwise TestNG may fail or not work as expected.
chrome
]]></system-out>
    <system-err><![CDATA[Starting ChromeDriver 102.0.5005.61 (0e59bcc00cc4985ce39ad31c150065f159d95ad3-refs/branch-heads/5005@{#819}) on port 6491
Only local connections are allowed.
Please see https://chromedriver.chromium.org/security-considerations for suggestions on keeping ChromeDriver safe.
[1655277826.112][WARNING]: FromSockAddr failed on netmask
ChromeDriver was started successfully.
Jun 15, 2022 12:53:47 PM org.openqa.selenium.remote.ProtocolHandshake createSession
INFO: Detected dialect: W3C
]]></system-err>
  </testcase>
  <testcase name="verifyBackgroundImg" classname="com.cloudmiracle.qa.testcases.SignUpPageTestCases" time="0.032">
    <system-out><![CDATA[chrome
]]></system-out>
    <system-err><![CDATA[Starting ChromeDriver 102.0.5005.61 (0e59bcc00cc4985ce39ad31c150065f159d95ad3-refs/branch-heads/5005@{#819}) on port 44322
Only local connections are allowed.
Please see https://chromedriver.chromium.org/security-considerations for suggestions on keeping ChromeDriver safe.
[1655277852.971][WARNING]: FromSockAddr failed on netmask
ChromeDriver was started successfully.
Jun 15, 2022 12:54:14 PM org.openqa.selenium.remote.ProtocolHandshake createSession
INFO: Detected dialect: W3C
]]></system-err>
  </testcase>
  <testcase name="verifySignUpPageCaption" classname="com.cloudmiracle.qa.testcases.SignUpPageTestCases" time="0.027">
    <system-out><![CDATA[chrome
]]></system-out>
    <system-err><![CDATA[Starting ChromeDriver 102.0.5005.61 (0e59bcc00cc4985ce39ad31c150065f159d95ad3-refs/branch-heads/5005@{#819}) on port 34834
Only local connections are allowed.
Please see https://chromedriver.chromium.org/security-considerations for suggestions on keeping ChromeDriver safe.
[1655277889.025][WARNING]: FromSockAddr failed on netmask
ChromeDriver was started successfully.
Jun 15, 2022 12:54:50 PM org.openqa.selenium.remote.ProtocolHandshake createSession
INFO: Detected dialect: W3C
]]></system-err>
  </testcase>
  <testcase name="verifyLoginLink" classname="com.cloudmiracle.qa.testcases.SignUpPageTestCases" time="0.03">
    <system-out><![CDATA[chrome
]]></system-out>
    <system-err><![CDATA[Starting ChromeDriver 102.0.5005.61 (0e59bcc00cc4985ce39ad31c150065f159d95ad3-refs/branch-heads/5005@{#819}) on port 31855
Only local connections are allowed.
Please see https://chromedriver.chromium.org/security-considerations for suggestions on keeping ChromeDriver safe.
[1655277922.806][WARNING]: FromSockAddr failed on netmask
ChromeDriver was started successfully.
Jun 15, 2022 12:55:24 PM org.openqa.selenium.remote.ProtocolHandshake createSession
INFO: Detected dialect: W3C
]]></system-err>
  </testcase>
  <testcase name="verifyLoginLinkEnable" classname="com.cloudmiracle.qa.testcases.SignUpPageTestCases" time="0.019">
    <system-out><![CDATA[chrome
]]></system-out>
    <system-err><![CDATA[Starting ChromeDriver 102.0.5005.61 (0e59bcc00cc4985ce39ad31c150065f159d95ad3-refs/branch-heads/5005@{#819}) on port 18901
Only local connections are allowed.
Please see https://chromedriver.chromium.org/security-considerations for suggestions on keeping ChromeDriver safe.
[1655277958.202][WARNING]: FromSockAddr failed on netmask
ChromeDriver was started successfully.
Jun 15, 2022 12:55:59 PM org.openqa.selenium.remote.ProtocolHandshake createSession
INFO: Detected dialect: W3C
]]></system-err>
  </testcase>
  <testcase name="verifyLoginText" classname="com.cloudmiracle.qa.testcases.SignUpPageTestCases" time="0.024">
    <system-out><![CDATA[chrome
]]></system-out>
    <system-err><![CDATA[Starting ChromeDriver 102.0.5005.61 (0e59bcc00cc4985ce39ad31c150065f159d95ad3-refs/branch-heads/5005@{#819}) on port 15954
Only local connections are allowed.
Please see https://chromedriver.chromium.org/security-considerations for suggestions on keeping ChromeDriver safe.
[1655277994.361][WARNING]: FromSockAddr failed on netmask
ChromeDriver was started successfully.
Jun 15, 2022 12:56:35 PM org.openqa.selenium.remote.ProtocolHandshake createSession
INFO: Detected dialect: W3C
]]></system-err>
  </testcase>
  <testcase name="verifyRegisterFunctionality[abc, abc, abc, abc@test.com, 9876543210](1)" classname="com.cloudmiracle.qa.testcases.SignUpPageTestCases" time="1.52">
    <system-out><![CDATA[value of I 0
value of K0
abc
value of K1
abc
value of K2
abc
value of K3
abc@test.com
value of K4
9876543210
value of I 1
value of K0
pqr
value of K1
pqr
value of K2
pqr
value of K3
pqr@test.com
value of K4
9999999990
value of I 2
value of K0
mona
value of K1
mp1
value of K2
mp1
value of K3
mp@gmail.com
value of K4
9887665443
chrome
Login Id already exist, Enter Another Id
true
]]></system-out>
    <system-err><![CDATA[Starting ChromeDriver 102.0.5005.61 (0e59bcc00cc4985ce39ad31c150065f159d95ad3-refs/branch-heads/5005@{#819}) on port 39089
Only local connections are allowed.
Please see https://chromedriver.chromium.org/security-considerations for suggestions on keeping ChromeDriver safe.
[1655278030.946][WARNING]: FromSockAddr failed on netmask
ChromeDriver was started successfully.
Jun 15, 2022 12:57:12 PM org.openqa.selenium.remote.ProtocolHandshake createSession
INFO: Detected dialect: W3C
]]></system-err>
  </testcase>
  <testcase name="verifyRegisterFunctionality[pqr, pqr, pqr, pqr@test.com, 9999999990](2)" classname="com.cloudmiracle.qa.testcases.SignUpPageTestCases" time="1.447">
    <system-out><![CDATA[chrome
Login Id already exist, Enter Another Id
true
]]></system-out>
    <system-err><![CDATA[Starting ChromeDriver 102.0.5005.61 (0e59bcc00cc4985ce39ad31c150065f159d95ad3-refs/branch-heads/5005@{#819}) on port 44628
Only local connections are allowed.
Please see https://chromedriver.chromium.org/security-considerations for suggestions on keeping ChromeDriver safe.
[1655278041.406][WARNING]: FromSockAddr failed on netmask
ChromeDriver was started successfully.
Jun 15, 2022 12:57:22 PM org.openqa.selenium.remote.ProtocolHandshake createSession
INFO: Detected dialect: W3C
]]></system-err>
  </testcase>
  <testcase name="verifyRegisterFunctionality[mona, mp1, mp1, mp@gmail.com, 9887665443](3)" classname="com.cloudmiracle.qa.testcases.SignUpPageTestCases" time="1.433">
    <system-out><![CDATA[chrome
Login Id already exist, Enter Another Id
true
]]></system-out>
    <system-err><![CDATA[Starting ChromeDriver 102.0.5005.61 (0e59bcc00cc4985ce39ad31c150065f159d95ad3-refs/branch-heads/5005@{#819}) on port 35897
Only local connections are allowed.
Please see https://chromedriver.chromium.org/security-considerations for suggestions on keeping ChromeDriver safe.
[1655278052.088][WARNING]: FromSockAddr failed on netmask
ChromeDriver was started successfully.
Jun 15, 2022 12:57:33 PM org.openqa.selenium.remote.ProtocolHandshake createSession
INFO: Detected dialect: W3C
]]></system-err>
  </testcase>
  <testcase name="verifyLoginPageTitle" classname="com.cloudmiracle.qa.testcases.LoginPageTestcases" time="0.019">
    <system-out><![CDATA[chrome
]]></system-out>
    <system-err><![CDATA[Starting ChromeDriver 102.0.5005.61 (0e59bcc00cc4985ce39ad31c150065f159d95ad3-refs/branch-heads/5005@{#819}) on port 12814
Only local connections are allowed.
Please see https://chromedriver.chromium.org/security-considerations for suggestions on keeping ChromeDriver safe.
[1655277835.996][WARNING]: FromSockAddr failed on netmask
ChromeDriver was started successfully.
Jun 15, 2022 12:53:57 PM org.openqa.selenium.remote.ProtocolHandshake createSession
INFO: Detected dialect: W3C
]]></system-err>
  </testcase>
  <testcase name="verifyCmpLogoImg" classname="com.cloudmiracle.qa.testcases.LoginPageTestcases" time="0.036">
    <system-out><![CDATA[chrome
]]></system-out>
    <system-err><![CDATA[Starting ChromeDriver 102.0.5005.61 (0e59bcc00cc4985ce39ad31c150065f159d95ad3-refs/branch-heads/5005@{#819}) on port 26637
Only local connections are allowed.
Please see https://chromedriver.chromium.org/security-considerations for suggestions on keeping ChromeDriver safe.
[1655277861.708][WARNING]: FromSockAddr failed on netmask
ChromeDriver was started successfully.
Jun 15, 2022 12:54:22 PM org.openqa.selenium.remote.ProtocolHandshake createSession
INFO: Detected dialect: W3C
]]></system-err>
  </testcase>
  <testcase name="verifyBackgroundImg" classname="com.cloudmiracle.qa.testcases.LoginPageTestcases" time="0.036">
    <system-out><![CDATA[chrome
]]></system-out>
    <system-err><![CDATA[Starting ChromeDriver 102.0.5005.61 (0e59bcc00cc4985ce39ad31c150065f159d95ad3-refs/branch-heads/5005@{#819}) on port 6315
Only local connections are allowed.
Please see https://chromedriver.chromium.org/security-considerations for suggestions on keeping ChromeDriver safe.
[1655277905.845][WARNING]: FromSockAddr failed on netmask
ChromeDriver was started successfully.
Jun 15, 2022 12:55:07 PM org.openqa.selenium.remote.ProtocolHandshake createSession
INFO: Detected dialect: W3C
]]></system-err>
  </testcase>
  <testcase name="verifyLoginPageCaption" classname="com.cloudmiracle.qa.testcases.LoginPageTestcases" time="0.03">
    <system-out><![CDATA[chrome
]]></system-out>
    <system-err><![CDATA[Starting ChromeDriver 102.0.5005.61 (0e59bcc00cc4985ce39ad31c150065f159d95ad3-refs/branch-heads/5005@{#819}) on port 43590
Only local connections are allowed.
Please see https://chromedriver.chromium.org/security-considerations for suggestions on keeping ChromeDriver safe.
[1655277931.755][WARNING]: FromSockAddr failed on netmask
ChromeDriver was started successfully.
Jun 15, 2022 12:55:32 PM org.openqa.selenium.remote.ProtocolHandshake createSession
INFO: Detected dialect: W3C
]]></system-err>
  </testcase>
  <testcase name="verifySignUpLink" classname="com.cloudmiracle.qa.testcases.LoginPageTestcases" time="0.041">
    <system-out><![CDATA[chrome
]]></system-out>
    <system-err><![CDATA[Starting ChromeDriver 102.0.5005.61 (0e59bcc00cc4985ce39ad31c150065f159d95ad3-refs/branch-heads/5005@{#819}) on port 33536
Only local connections are allowed.
Please see https://chromedriver.chromium.org/security-considerations for suggestions on keeping ChromeDriver safe.
[1655277966.984][WARNING]: FromSockAddr failed on netmask
ChromeDriver was started successfully.
Jun 15, 2022 12:56:08 PM org.openqa.selenium.remote.ProtocolHandshake createSession
INFO: Detected dialect: W3C
]]></system-err>
  </testcase>
  <testcase name="verifySignUpLinkEnable" classname="com.cloudmiracle.qa.testcases.LoginPageTestcases" time="0.03">
    <system-out><![CDATA[chrome
]]></system-out>
    <system-err><![CDATA[Starting ChromeDriver 102.0.5005.61 (0e59bcc00cc4985ce39ad31c150065f159d95ad3-refs/branch-heads/5005@{#819}) on port 38392
Only local connections are allowed.
Please see https://chromedriver.chromium.org/security-considerations for suggestions on keeping ChromeDriver safe.
[1655278003.314][WARNING]: FromSockAddr failed on netmask
ChromeDriver was started successfully.
Jun 15, 2022 12:56:44 PM org.openqa.selenium.remote.ProtocolHandshake createSession
INFO: Detected dialect: W3C
]]></system-err>
  </testcase>
  <testcase name="verifySignUPText" classname="com.cloudmiracle.qa.testcases.LoginPageTestcases" time="0.034">
    <system-out><![CDATA[chrome
]]></system-out>
    <system-err><![CDATA[Starting ChromeDriver 102.0.5005.61 (0e59bcc00cc4985ce39ad31c150065f159d95ad3-refs/branch-heads/5005@{#819}) on port 18690
Only local connections are allowed.
Please see https://chromedriver.chromium.org/security-considerations for suggestions on keeping ChromeDriver safe.
[1655278062.296][WARNING]: FromSockAddr failed on netmask
ChromeDriver was started successfully.
Jun 15, 2022 12:57:43 PM org.openqa.selenium.remote.ProtocolHandshake createSession
INFO: Detected dialect: W3C
]]></system-err>
  </testcase>
  <testcase name="verifySignUPLinkFunctionality" classname="com.cloudmiracle.qa.testcases.LoginPageTestcases" time="3.081">
    <system-out><![CDATA[chrome
]]></system-out>
    <system-err><![CDATA[Starting ChromeDriver 102.0.5005.61 (0e59bcc00cc4985ce39ad31c150065f159d95ad3-refs/branch-heads/5005@{#819}) on port 46264
Only local connections are allowed.
Please see https://chromedriver.chromium.org/security-considerations for suggestions on keeping ChromeDriver safe.
[1655278091.842][WARNING]: FromSockAddr failed on netmask
ChromeDriver was started successfully.
Jun 15, 2022 12:58:13 PM org.openqa.selenium.remote.ProtocolHandshake createSession
INFO: Detected dialect: W3C
]]></system-err>
  </testcase>
  <testcase name="verifyForgetPWDLink" classname="com.cloudmiracle.qa.testcases.LoginPageTestcases" time="0.034">
    <system-out><![CDATA[chrome
]]></system-out>
    <system-err><![CDATA[Starting ChromeDriver 102.0.5005.61 (0e59bcc00cc4985ce39ad31c150065f159d95ad3-refs/branch-heads/5005@{#819}) on port 32231
Only local connections are allowed.
Please see https://chromedriver.chromium.org/security-considerations for suggestions on keeping ChromeDriver safe.
[1655278126.990][WARNING]: FromSockAddr failed on netmask
ChromeDriver was started successfully.
Jun 15, 2022 12:58:48 PM org.openqa.selenium.remote.ProtocolHandshake createSession
INFO: Detected dialect: W3C
]]></system-err>
  </testcase>
  <testcase name="verifyForgotPWDLinkEnable" classname="com.cloudmiracle.qa.testcases.LoginPageTestcases" time="0.026">
    <system-out><![CDATA[chrome
]]></system-out>
    <system-err><![CDATA[Starting ChromeDriver 102.0.5005.61 (0e59bcc00cc4985ce39ad31c150065f159d95ad3-refs/branch-heads/5005@{#819}) on port 6459
Only local connections are allowed.
Please see https://chromedriver.chromium.org/security-considerations for suggestions on keeping ChromeDriver safe.
[1655278154.486][WARNING]: FromSockAddr failed on netmask
ChromeDriver was started successfully.
Jun 15, 2022 12:59:15 PM org.openqa.selenium.remote.ProtocolHandshake createSession
INFO: Detected dialect: W3C
]]></system-err>
  </testcase>
  <testcase name="verifyForgotPWDLinkFunctionality" classname="com.cloudmiracle.qa.testcases.LoginPageTestcases" time="0.842">
    <system-out><![CDATA[chrome
]]></system-out>
    <system-err><![CDATA[Starting ChromeDriver 102.0.5005.61 (0e59bcc00cc4985ce39ad31c150065f159d95ad3-refs/branch-heads/5005@{#819}) on port 4583
Only local connections are allowed.
Please see https://chromedriver.chromium.org/security-considerations for suggestions on keeping ChromeDriver safe.
[1655278182.182][WARNING]: FromSockAddr failed on netmask
ChromeDriver was started successfully.
Jun 15, 2022 12:59:43 PM org.openqa.selenium.remote.ProtocolHandshake createSession
INFO: Detected dialect: W3C
]]></system-err>
  </testcase>
  <testcase name="verifyLoginFunctionality[mp, mp](1)" classname="com.cloudmiracle.qa.testcases.LoginPageTestcases" time="1.228">
    <system-out><![CDATA[value of I 0
value of K0
mp
value of K1
mp
value of I 1
value of K0
pc
value of K1
123
chrome
]]></system-out>
    <system-err><![CDATA[Starting ChromeDriver 102.0.5005.61 (0e59bcc00cc4985ce39ad31c150065f159d95ad3-refs/branch-heads/5005@{#819}) on port 5212
Only local connections are allowed.
Please see https://chromedriver.chromium.org/security-considerations for suggestions on keeping ChromeDriver safe.
[1655278212.059][WARNING]: FromSockAddr failed on netmask
ChromeDriver was started successfully.
Jun 15, 2022 1:00:13 PM org.openqa.selenium.remote.ProtocolHandshake createSession
INFO: Detected dialect: W3C
]]></system-err>
  </testcase>
  <testcase name="verifyLoginFunctionality[pc, 123](2)" classname="com.cloudmiracle.qa.testcases.LoginPageTestcases" time="1.118">
    <system-out><![CDATA[chrome
]]></system-out>
    <system-err><![CDATA[Starting ChromeDriver 102.0.5005.61 (0e59bcc00cc4985ce39ad31c150065f159d95ad3-refs/branch-heads/5005@{#819}) on port 1739
Only local connections are allowed.
Please see https://chromedriver.chromium.org/security-considerations for suggestions on keeping ChromeDriver safe.
[1655278219.295][WARNING]: FromSockAddr failed on netmask
ChromeDriver was started successfully.
Jun 15, 2022 1:00:20 PM org.openqa.selenium.remote.ProtocolHandshake createSession
INFO: Detected dialect: W3C
]]></system-err>
  </testcase>
  <testcase name="verifyTimeLeftElement" classname="com.cloudmiracle.qa.testcases.CompanyListPageTestcases" time="3.395">
    <system-out><![CDATA[chrome
]]></system-out>
    <system-err><![CDATA[Starting ChromeDriver 102.0.5005.61 (0e59bcc00cc4985ce39ad31c150065f159d95ad3-refs/branch-heads/5005@{#819}) on port 3732
Only local connections are allowed.
Please see https://chromedriver.chromium.org/security-considerations for suggestions on keeping ChromeDriver safe.
[1655277842.762][WARNING]: FromSockAddr failed on netmask
ChromeDriver was started successfully.
Jun 15, 2022 12:54:04 PM org.openqa.selenium.remote.ProtocolHandshake createSession
INFO: Detected dialect: W3C
]]></system-err>
  </testcase>
  <testcase name="verifyUserNameElement" classname="com.cloudmiracle.qa.testcases.CompanyListPageTestcases" time="14.027">
    <system-out><![CDATA[chrome
pritesh
]]></system-out>
    <system-err><![CDATA[Starting ChromeDriver 102.0.5005.61 (0e59bcc00cc4985ce39ad31c150065f159d95ad3-refs/branch-heads/5005@{#819}) on port 30030
Only local connections are allowed.
Please see https://chromedriver.chromium.org/security-considerations for suggestions on keeping ChromeDriver safe.
[1655277867.626][WARNING]: FromSockAddr failed on netmask
ChromeDriver was started successfully.
Jun 15, 2022 12:54:28 PM org.openqa.selenium.remote.ProtocolHandshake createSession
INFO: Detected dialect: W3C
]]></system-err>
  </testcase>
  <testcase name="verifyLogoutElement" classname="com.cloudmiracle.qa.testcases.CompanyListPageTestcases" time="4.036">
    <system-out><![CDATA[chrome
Log Out
]]></system-out>
    <system-err><![CDATA[Starting ChromeDriver 102.0.5005.61 (0e59bcc00cc4985ce39ad31c150065f159d95ad3-refs/branch-heads/5005@{#819}) on port 33500
Only local connections are allowed.
Please see https://chromedriver.chromium.org/security-considerations for suggestions on keeping ChromeDriver safe.
[1655277911.585][WARNING]: FromSockAddr failed on netmask
ChromeDriver was started successfully.
Jun 15, 2022 12:55:12 PM org.openqa.selenium.remote.ProtocolHandshake createSession
INFO: Detected dialect: W3C
]]></system-err>
  </testcase>
  <testcase name="verifyCmpListPageCaption" classname="com.cloudmiracle.qa.testcases.CompanyListPageTestcases" time="13.484">
    <system-out><![CDATA[chrome
]]></system-out>
    <system-err><![CDATA[Starting ChromeDriver 102.0.5005.61 (0e59bcc00cc4985ce39ad31c150065f159d95ad3-refs/branch-heads/5005@{#819}) on port 24081
Only local connections are allowed.
Please see https://chromedriver.chromium.org/security-considerations for suggestions on keeping ChromeDriver safe.
[1655277937.344][WARNING]: FromSockAddr failed on netmask
ChromeDriver was started successfully.
Jun 15, 2022 12:55:38 PM org.openqa.selenium.remote.ProtocolHandshake createSession
INFO: Detected dialect: W3C
]]></system-err>
  </testcase>
  <testcase name="verifySearchElement" classname="com.cloudmiracle.qa.testcases.CompanyListPageTestcases" time="13.912">
    <system-out><![CDATA[chrome
]]></system-out>
    <system-err><![CDATA[Starting ChromeDriver 102.0.5005.61 (0e59bcc00cc4985ce39ad31c150065f159d95ad3-refs/branch-heads/5005@{#819}) on port 10784
Only local connections are allowed.
Please see https://chromedriver.chromium.org/security-considerations for suggestions on keeping ChromeDriver safe.
[1655277973.030][WARNING]: FromSockAddr failed on netmask
ChromeDriver was started successfully.
Jun 15, 2022 12:56:14 PM org.openqa.selenium.remote.ProtocolHandshake createSession
INFO: Detected dialect: W3C
]]></system-err>
  </testcase>
  <testcase name="verifyCmpListTableHeader" classname="com.cloudmiracle.qa.testcases.CompanyListPageTestcases" time="13.773">
    <system-out><![CDATA[chrome
------------------------
No.
Company Name
------------------------
]]></system-out>
    <system-err><![CDATA[Starting ChromeDriver 102.0.5005.61 (0e59bcc00cc4985ce39ad31c150065f159d95ad3-refs/branch-heads/5005@{#819}) on port 14465
Only local connections are allowed.
Please see https://chromedriver.chromium.org/security-considerations for suggestions on keeping ChromeDriver safe.
[1655278009.278][WARNING]: FromSockAddr failed on netmask
ChromeDriver was started successfully.
Jun 15, 2022 12:56:50 PM org.openqa.selenium.remote.ProtocolHandshake createSession
INFO: Detected dialect: W3C
]]></system-err>
  </testcase>
  <testcase name="verifyCmpListTableContent" classname="com.cloudmiracle.qa.testcases.CompanyListPageTestcases" time="16.288">
    <system-out><![CDATA[chrome
------------------------
NK Company
DB company
BazaarKhabri.in
Linus Tech Tips
LTT Media
LMG Group
LTT Media
LMG Group
BazaarKhabri.in
Linus Tech Tips
Linus Tech Tips
LMG Group
LMG Group
LMG Group
BazaarKhabri.in
LTT Media
Linus Tech Tips
BazaarKhabri.in

------------------------
]]></system-out>
    <system-err><![CDATA[Starting ChromeDriver 102.0.5005.61 (0e59bcc00cc4985ce39ad31c150065f159d95ad3-refs/branch-heads/5005@{#819}) on port 3809
Only local connections are allowed.
Please see https://chromedriver.chromium.org/security-considerations for suggestions on keeping ChromeDriver safe.
[1655278068.100][WARNING]: FromSockAddr failed on netmask
ChromeDriver was started successfully.
Jun 15, 2022 12:57:49 PM org.openqa.selenium.remote.ProtocolHandshake createSession
INFO: Detected dialect: W3C
]]></system-err>
  </testcase>
  <testcase name="verifyCmpListPageSizeElement" classname="com.cloudmiracle.qa.testcases.CompanyListPageTestcases" time="17.703">
    <system-out><![CDATA[chrome
Available Page size is: 5
Available Page size is: 10
Available Page size is: 20
Available Page size is: 50
]]></system-out>
    <system-err><![CDATA[Starting ChromeDriver 102.0.5005.61 (0e59bcc00cc4985ce39ad31c150065f159d95ad3-refs/branch-heads/5005@{#819}) on port 14980
Only local connections are allowed.
Please see https://chromedriver.chromium.org/security-considerations for suggestions on keeping ChromeDriver safe.
[1655278101.029][WARNING]: FromSockAddr failed on netmask
ChromeDriver was started successfully.
Jun 15, 2022 12:58:22 PM org.openqa.selenium.remote.ProtocolHandshake createSession
INFO: Detected dialect: W3C
]]></system-err>
  </testcase>
  <testcase name="verifyCmpListTotalPages" classname="com.cloudmiracle.qa.testcases.CompanyListPageTestcases" time="14.602">
    <system-out><![CDATA[chrome
Page 1 of 7 (112 items)
Number of Page available is: 1
Number of Page available is: 2
Number of Page available is: 3
Number of Page available is: 4
Number of Page available is: 5
Number of Page available is: 6
Number of Page available is: 7
]]></system-out>
    <system-err><![CDATA[Starting ChromeDriver 102.0.5005.61 (0e59bcc00cc4985ce39ad31c150065f159d95ad3-refs/branch-heads/5005@{#819}) on port 21707
Only local connections are allowed.
Please see https://chromedriver.chromium.org/security-considerations for suggestions on keeping ChromeDriver safe.
[1655278132.851][WARNING]: FromSockAddr failed on netmask
ChromeDriver was started successfully.
Jun 15, 2022 12:58:54 PM org.openqa.selenium.remote.ProtocolHandshake createSession
INFO: Detected dialect: W3C
]]></system-err>
  </testcase>
  <testcase name="verifyCmpListAllButtonsElement" classname="com.cloudmiracle.qa.testcases.CompanyListPageTestcases" time="14.386">
    <system-out><![CDATA[chrome
------------------------
Add
Edit
Delete
Pending Invitation
Pending Approval
Add Invitation
Group
------------------------
]]></system-out>
    <system-err><![CDATA[Starting ChromeDriver 102.0.5005.61 (0e59bcc00cc4985ce39ad31c150065f159d95ad3-refs/branch-heads/5005@{#819}) on port 20003
Only local connections are allowed.
Please see https://chromedriver.chromium.org/security-considerations for suggestions on keeping ChromeDriver safe.
[1655278161.199][WARNING]: FromSockAddr failed on netmask
ChromeDriver was started successfully.
Jun 15, 2022 12:59:22 PM org.openqa.selenium.remote.ProtocolHandshake createSession
INFO: Detected dialect: W3C
]]></system-err>
  </testcase>
  <testcase name="verifyAddBtnFunctionality" classname="com.cloudmiracle.qa.testcases.CompanyListPageTestcases" time="15.922">
    <system-out><![CDATA[chrome
]]></system-out>
    <system-err><![CDATA[Starting ChromeDriver 102.0.5005.61 (0e59bcc00cc4985ce39ad31c150065f159d95ad3-refs/branch-heads/5005@{#819}) on port 13957
Only local connections are allowed.
Please see https://chromedriver.chromium.org/security-considerations for suggestions on keeping ChromeDriver safe.
[1655278188.945][WARNING]: FromSockAddr failed on netmask
ChromeDriver was started successfully.
Jun 15, 2022 12:59:50 PM org.openqa.selenium.remote.ProtocolHandshake createSession
INFO: Detected dialect: W3C
]]></system-err>
  </testcase>
  <testcase name="verifyEditBtnFunctionality" classname="com.cloudmiracle.qa.testcases.CompanyListPageTestcases" time="17.082">
    <system-out><![CDATA[chrome
]]></system-out>
    <system-err><![CDATA[Starting ChromeDriver 102.0.5005.61 (0e59bcc00cc4985ce39ad31c150065f159d95ad3-refs/branch-heads/5005@{#819}) on port 3370
Only local connections are allowed.
Please see https://chromedriver.chromium.org/security-considerations for suggestions on keeping ChromeDriver safe.
[1655278226.285][WARNING]: FromSockAddr failed on netmask
ChromeDriver was started successfully.
Jun 15, 2022 1:00:27 PM org.openqa.selenium.remote.ProtocolHandshake createSession
INFO: Detected dialect: W3C
]]></system-err>
  </testcase>
  <testcase name="verifyDeleteBtnFunctionality" classname="com.cloudmiracle.qa.testcases.CompanyListPageTestcases" time="15.304">
    <system-out><![CDATA[chrome
]]></system-out>
    <system-err><![CDATA[Starting ChromeDriver 102.0.5005.61 (0e59bcc00cc4985ce39ad31c150065f159d95ad3-refs/branch-heads/5005@{#819}) on port 47542
Only local connections are allowed.
Please see https://chromedriver.chromium.org/security-considerations for suggestions on keeping ChromeDriver safe.
[1655278250.729][WARNING]: FromSockAddr failed on netmask
ChromeDriver was started successfully.
Jun 15, 2022 1:00:51 PM org.openqa.selenium.remote.ProtocolHandshake createSession
INFO: Detected dialect: W3C
]]></system-err>
  </testcase>
  <testcase name="verifyCmpDetailsAllTabElements" classname="com.cloudmiracle.qa.testcases.CompanyListPageTestcases" time="16.557">
    <system-out><![CDATA[chrome
------------------------
Company Details
Statutory Deatils
Address Details
Bank Details
------------------------
]]></system-out>
    <system-err><![CDATA[Starting ChromeDriver 102.0.5005.61 (0e59bcc00cc4985ce39ad31c150065f159d95ad3-refs/branch-heads/5005@{#819}) on port 46351
Only local connections are allowed.
Please see https://chromedriver.chromium.org/security-considerations for suggestions on keeping ChromeDriver safe.
[1655278273.497][WARNING]: FromSockAddr failed on netmask
ChromeDriver was started successfully.
Jun 15, 2022 1:01:14 PM org.openqa.selenium.remote.ProtocolHandshake createSession
INFO: Detected dialect: W3C
]]></system-err>
  </testcase>
  <testcase name="verifyCmpDetailsLegendsElements" classname="com.cloudmiracle.qa.testcases.CompanyListPageTestcases" time="15.813">
    <system-out><![CDATA[chrome
------------------------
Company Details
Report Description
------------------------
]]></system-out>
    <system-err><![CDATA[Starting ChromeDriver 102.0.5005.61 (0e59bcc00cc4985ce39ad31c150065f159d95ad3-refs/branch-heads/5005@{#819}) on port 31077
Only local connections are allowed.
Please see https://chromedriver.chromium.org/security-considerations for suggestions on keeping ChromeDriver safe.
[1655278297.049][WARNING]: FromSockAddr failed on netmask
ChromeDriver was started successfully.
Jun 15, 2022 1:01:38 PM org.openqa.selenium.remote.ProtocolHandshake createSession
INFO: Detected dialect: W3C
]]></system-err>
  </testcase>
  <testcase name="verifyCmpDetailsAllButtonsElements" classname="com.cloudmiracle.qa.testcases.CompanyListPageTestcases" time="15.908">
    <system-out><![CDATA[chrome
------------------------
Previous
Next
Finish
------------------------
]]></system-out>
    <system-err><![CDATA[Starting ChromeDriver 102.0.5005.61 (0e59bcc00cc4985ce39ad31c150065f159d95ad3-refs/branch-heads/5005@{#819}) on port 43854
Only local connections are allowed.
Please see https://chromedriver.chromium.org/security-considerations for suggestions on keeping ChromeDriver safe.
[1655278319.472][WARNING]: FromSockAddr failed on netmask
ChromeDriver was started successfully.
Jun 15, 2022 1:02:00 PM org.openqa.selenium.remote.ProtocolHandshake createSession
INFO: Detected dialect: W3C
]]></system-err>
  </testcase>
  <testcase name="verifyCloseBtnElement" classname="com.cloudmiracle.qa.testcases.CompanyListPageTestcases" time="15.964">
    <system-out><![CDATA[chrome
]]></system-out>
    <system-err><![CDATA[Starting ChromeDriver 102.0.5005.61 (0e59bcc00cc4985ce39ad31c150065f159d95ad3-refs/branch-heads/5005@{#819}) on port 37965
Only local connections are allowed.
Please see https://chromedriver.chromium.org/security-considerations for suggestions on keeping ChromeDriver safe.
[1655278342.437][WARNING]: FromSockAddr failed on netmask
ChromeDriver was started successfully.
Jun 15, 2022 1:02:23 PM org.openqa.selenium.remote.ProtocolHandshake createSession
INFO: Detected dialect: W3C
]]></system-err>
  </testcase>
  <testcase name="verifytoAddNewCompanyDetailsFunctionality[3, TestCmp1, TC1, TCRH1, TCRH12](1)" classname="com.cloudmiracle.qa.testcases.CompanyListPageTestcases" time="16.974">
    <system-out><![CDATA[value of I 0
value of K0
3
value of K1
TestCmp1
value of K2
TC1
value of K3
TCRH1
value of K4
TCRH12
value of I 1
value of K0
4
value of K1
TestCmp2
value of K2
TC2
value of K3
TCRH2
value of K4
TCRH22
chrome
]]></system-out>
    <system-err><![CDATA[Starting ChromeDriver 102.0.5005.61 (0e59bcc00cc4985ce39ad31c150065f159d95ad3-refs/branch-heads/5005@{#819}) on port 1734
Only local connections are allowed.
Please see https://chromedriver.chromium.org/security-considerations for suggestions on keeping ChromeDriver safe.
[1655278365.915][WARNING]: FromSockAddr failed on netmask
ChromeDriver was started successfully.
Jun 15, 2022 1:02:47 PM org.openqa.selenium.remote.ProtocolHandshake createSession
INFO: Detected dialect: W3C
]]></system-err>
  </testcase>
  <testcase name="verifytoAddNewCompanyDetailsFunctionality[4, TestCmp2, TC2, TCRH2, TCRH22](2)" classname="com.cloudmiracle.qa.testcases.CompanyListPageTestcases" time="16.94">
    <system-out><![CDATA[chrome
]]></system-out>
    <system-err><![CDATA[Starting ChromeDriver 102.0.5005.61 (0e59bcc00cc4985ce39ad31c150065f159d95ad3-refs/branch-heads/5005@{#819}) on port 43136
Only local connections are allowed.
Please see https://chromedriver.chromium.org/security-considerations for suggestions on keeping ChromeDriver safe.
[1655278389.717][WARNING]: FromSockAddr failed on netmask
ChromeDriver was started successfully.
Jun 15, 2022 1:03:11 PM org.openqa.selenium.remote.ProtocolHandshake createSession
INFO: Detected dialect: W3C
]]></system-err>
  </testcase>
  <testcase name="verifyLogoutFunctionality" classname="com.cloudmiracle.qa.testcases.CompanyListPageTestcases" time="3.991">
    <system-out><![CDATA[chrome
]]></system-out>
    <system-err><![CDATA[Starting ChromeDriver 102.0.5005.61 (0e59bcc00cc4985ce39ad31c150065f159d95ad3-refs/branch-heads/5005@{#819}) on port 9377
Only local connections are allowed.
Please see https://chromedriver.chromium.org/security-considerations for suggestions on keeping ChromeDriver safe.
[1655278413.867][WARNING]: FromSockAddr failed on netmask
ChromeDriver was started successfully.
Jun 15, 2022 1:03:35 PM org.openqa.selenium.remote.ProtocolHandshake createSession
INFO: Detected dialect: W3C
]]></system-err>
  </testcase>
</testsuite>