<?xml version="1.0" encoding="UTF-8"?>
<testng-results ignored="0" total="42" passed="42" failed="0" skipped="0">
  <reporter-output>
  </reporter-output>
  <suite started-at="2022-06-15T07:23:45Z" name="Suite" finished-at="2022-06-15T07:33:44Z" duration-ms="598788">
    <groups>
    </groups>
    <test started-at="2022-06-15T07:23:45Z" name="Test" finished-at="2022-06-15T07:33:44Z" duration-ms="598788">
      <class name="com.cloudmiracle.qa.testcases.SignUpPageTestCases">
        <test-method is-config="true" signature="setup()[pri:0, instance:com.cloudmiracle.qa.testcases.SignUpPageTestCases@5c45d770]" started-at="2022-06-15T12:53:45Z" name="setup" finished-at="2022-06-15T12:53:55Z" duration-ms="9936" status="PASS">
          <reporter-output>
          </reporter-output>
        </test-method> <!-- setup -->
        <test-method signature="verifyCmpLogoImg()[pri:1, instance:com.cloudmiracle.qa.testcases.SignUpPageTestCases@5c45d770]" started-at="2022-06-15T12:53:55Z" name="verifyCmpLogoImg" finished-at="2022-06-15T12:53:55Z" duration-ms="55" status="PASS">
          <reporter-output>
          </reporter-output>
        </test-method> <!-- verifyCmpLogoImg -->
        <test-method is-config="true" signature="tearDown()[pri:0, instance:com.cloudmiracle.qa.testcases.SignUpPageTestCases@5c45d770]" started-at="2022-06-15T12:53:55Z" name="tearDown" finished-at="2022-06-15T12:53:55Z" duration-ms="104" status="PASS">
          <reporter-output>
          </reporter-output>
        </test-method> <!-- tearDown -->
        <test-method is-config="true" signature="setup()[pri:0, instance:com.cloudmiracle.qa.testcases.SignUpPageTestCases@5c45d770]" started-at="2022-06-15T12:54:12Z" name="setup" finished-at="2022-06-15T12:54:21Z" duration-ms="8619" status="PASS">
          <reporter-output>
          </reporter-output>
        </test-method> <!-- setup -->
        <test-method signature="verifyBackgroundImg()[pri:2, instance:com.cloudmiracle.qa.testcases.SignUpPageTestCases@5c45d770]" started-at="2022-06-15T12:54:21Z" name="verifyBackgroundImg" finished-at="2022-06-15T12:54:21Z" duration-ms="33" status="PASS">
          <reporter-output>
          </reporter-output>
        </test-method> <!-- verifyBackgroundImg -->
        <test-method is-config="true" signature="tearDown()[pri:0, instance:com.cloudmiracle.qa.testcases.SignUpPageTestCases@5c45d770]" started-at="2022-06-15T12:54:21Z" name="tearDown" finished-at="2022-06-15T12:54:21Z" duration-ms="96" status="PASS">
          <reporter-output>
          </reporter-output>
        </test-method> <!-- tearDown -->
        <test-method is-config="true" signature="setup()[pri:0, instance:com.cloudmiracle.qa.testcases.SignUpPageTestCases@5c45d770]" started-at="2022-06-15T12:54:48Z" name="setup" finished-at="2022-06-15T12:55:05Z" duration-ms="16707" status="PASS">
          <reporter-output>
          </reporter-output>
        </test-method> <!-- setup -->
        <test-method signature="verifySignUpPageCaption()[pri:3, instance:com.cloudmiracle.qa.testcases.SignUpPageTestCases@5c45d770]" started-at="2022-06-15T12:55:05Z" name="verifySignUpPageCaption" finished-at="2022-06-15T12:55:05Z" duration-ms="26" status="PASS">
          <reporter-output>
          </reporter-output>
        </test-method> <!-- verifySignUpPageCaption -->
        <test-method is-config="true" signature="tearDown()[pri:0, instance:com.cloudmiracle.qa.testcases.SignUpPageTestCases@5c45d770]" started-at="2022-06-15T12:55:05Z" name="tearDown" finished-at="2022-06-15T12:55:05Z" duration-ms="101" status="PASS">
          <reporter-output>
          </reporter-output>
        </test-method> <!-- tearDown -->
        <test-method is-config="true" signature="setup()[pri:0, instance:com.cloudmiracle.qa.testcases.SignUpPageTestCases@5c45d770]" started-at="2022-06-15T12:55:22Z" name="setup" finished-at="2022-06-15T12:55:31Z" duration-ms="8840" status="PASS">
          <reporter-output>
          </reporter-output>
        </test-method> <!-- setup -->
        <test-method signature="verifyLoginLink()[pri:4, instance:com.cloudmiracle.qa.testcases.SignUpPageTestCases@5c45d770]" started-at="2022-06-15T12:55:31Z" name="verifyLoginLink" finished-at="2022-06-15T12:55:31Z" duration-ms="31" status="PASS">
          <reporter-output>
          </reporter-output>
        </test-method> <!-- verifyLoginLink -->
        <test-method is-config="true" signature="tearDown()[pri:0, instance:com.cloudmiracle.qa.testcases.SignUpPageTestCases@5c45d770]" started-at="2022-06-15T12:55:31Z" name="tearDown" finished-at="2022-06-15T12:55:31Z" duration-ms="89" status="PASS">
          <reporter-output>
          </reporter-output>
        </test-method> <!-- tearDown -->
        <test-method is-config="true" signature="setup()[pri:0, instance:com.cloudmiracle.qa.testcases.SignUpPageTestCases@5c45d770]" started-at="2022-06-15T12:55:58Z" name="setup" finished-at="2022-06-15T12:56:06Z" duration-ms="8627" status="PASS">
          <reporter-output>
          </reporter-output>
        </test-method> <!-- setup -->
        <test-method signature="verifyLoginLinkEnable()[pri:5, instance:com.cloudmiracle.qa.testcases.SignUpPageTestCases@5c45d770]" started-at="2022-06-15T12:56:06Z" name="verifyLoginLinkEnable" finished-at="2022-06-15T12:56:06Z" duration-ms="20" status="PASS">
          <reporter-output>
          </reporter-output>
        </test-method> <!-- verifyLoginLinkEnable -->
        <test-method is-config="true" signature="tearDown()[pri:0, instance:com.cloudmiracle.qa.testcases.SignUpPageTestCases@5c45d770]" started-at="2022-06-15T12:56:06Z" name="tearDown" finished-at="2022-06-15T12:56:06Z" duration-ms="136" status="PASS">
          <reporter-output>
          </reporter-output>
        </test-method> <!-- tearDown -->
        <test-method is-config="true" signature="setup()[pri:0, instance:com.cloudmiracle.qa.testcases.SignUpPageTestCases@5c45d770]" started-at="2022-06-15T12:56:34Z" name="setup" finished-at="2022-06-15T12:56:43Z" duration-ms="8820" status="PASS">
          <reporter-output>
          </reporter-output>
        </test-method> <!-- setup -->
        <test-method signature="verifyLoginText()[pri:6, instance:com.cloudmiracle.qa.testcases.SignUpPageTestCases@5c45d770]" started-at="2022-06-15T12:56:43Z" name="verifyLoginText" finished-at="2022-06-15T12:56:43Z" duration-ms="23" status="PASS">
          <reporter-output>
          </reporter-output>
        </test-method> <!-- verifyLoginText -->
        <test-method is-config="true" signature="tearDown()[pri:0, instance:com.cloudmiracle.qa.testcases.SignUpPageTestCases@5c45d770]" started-at="2022-06-15T12:56:43Z" name="tearDown" finished-at="2022-06-15T12:56:43Z" duration-ms="104" status="PASS">
          <reporter-output>
          </reporter-output>
        </test-method> <!-- tearDown -->
        <test-method is-config="true" signature="setup()[pri:0, instance:com.cloudmiracle.qa.testcases.SignUpPageTestCases@5c45d770]" started-at="2022-06-15T12:57:10Z" name="setup" finished-at="2022-06-15T12:57:19Z" duration-ms="8836" status="PASS">
          <reporter-output>
          </reporter-output>
        </test-method> <!-- setup -->
        <test-method signature="verifyRegisterFunctionality(java.lang.String, java.lang.String, java.lang.String, java.lang.String, java.lang.String)[pri:7, instance:com.cloudmiracle.qa.testcases.SignUpPageTestCases@5c45d770]" started-at="2022-06-15T12:57:19Z" name="verifyRegisterFunctionality" data-provider="getSignupTestData" finished-at="2022-06-15T12:57:21Z" duration-ms="1520" status="PASS">
          <params>
            <param index="0">
              <value>
                <![CDATA[abc]]>
              </value>
            </param>
            <param index="1">
              <value>
                <![CDATA[abc]]>
              </value>
            </param>
            <param index="2">
              <value>
                <![CDATA[abc]]>
              </value>
            </param>
            <param index="3">
              <value>
                <![CDATA[abc@test.com]]>
              </value>
            </param>
            <param index="4">
              <value>
                <![CDATA[9876543210]]>
              </value>
            </param>
          </params>
          <reporter-output>
          </reporter-output>
        </test-method> <!-- verifyRegisterFunctionality -->
        <test-method is-config="true" signature="tearDown()[pri:0, instance:com.cloudmiracle.qa.testcases.SignUpPageTestCases@5c45d770]" started-at="2022-06-15T12:57:21Z" name="tearDown" finished-at="2022-06-15T12:57:21Z" duration-ms="96" status="PASS">
          <reporter-output>
          </reporter-output>
        </test-method> <!-- tearDown -->
        <test-method is-config="true" signature="setup()[pri:0, instance:com.cloudmiracle.qa.testcases.SignUpPageTestCases@5c45d770]" started-at="2022-06-15T12:57:21Z" name="setup" finished-at="2022-06-15T12:57:30Z" duration-ms="9101" status="PASS">
          <reporter-output>
          </reporter-output>
        </test-method> <!-- setup -->
        <test-method signature="verifyRegisterFunctionality(java.lang.String, java.lang.String, java.lang.String, java.lang.String, java.lang.String)[pri:7, instance:com.cloudmiracle.qa.testcases.SignUpPageTestCases@5c45d770]" started-at="2022-06-15T12:57:30Z" name="verifyRegisterFunctionality" data-provider="getSignupTestData" finished-at="2022-06-15T12:57:31Z" duration-ms="1448" status="PASS">
          <params>
            <param index="0">
              <value>
                <![CDATA[pqr]]>
              </value>
            </param>
            <param index="1">
              <value>
                <![CDATA[pqr]]>
              </value>
            </param>
            <param index="2">
              <value>
                <![CDATA[pqr]]>
              </value>
            </param>
            <param index="3">
              <value>
                <![CDATA[pqr@test.com]]>
              </value>
            </param>
            <param index="4">
              <value>
                <![CDATA[9999999990]]>
              </value>
            </param>
          </params>
          <reporter-output>
          </reporter-output>
        </test-method> <!-- verifyRegisterFunctionality -->
        <test-method is-config="true" signature="tearDown()[pri:0, instance:com.cloudmiracle.qa.testcases.SignUpPageTestCases@5c45d770]" started-at="2022-06-15T12:57:31Z" name="tearDown" finished-at="2022-06-15T12:57:32Z" duration-ms="136" status="PASS">
          <reporter-output>
          </reporter-output>
        </test-method> <!-- tearDown -->
        <test-method is-config="true" signature="setup()[pri:0, instance:com.cloudmiracle.qa.testcases.SignUpPageTestCases@5c45d770]" started-at="2022-06-15T12:57:32Z" name="setup" finished-at="2022-06-15T12:57:40Z" duration-ms="8638" status="PASS">
          <reporter-output>
          </reporter-output>
        </test-method> <!-- setup -->
        <test-method signature="verifyRegisterFunctionality(java.lang.String, java.lang.String, java.lang.String, java.lang.String, java.lang.String)[pri:7, instance:com.cloudmiracle.qa.testcases.SignUpPageTestCases@5c45d770]" started-at="2022-06-15T12:57:40Z" name="verifyRegisterFunctionality" data-provider="getSignupTestData" finished-at="2022-06-15T12:57:42Z" duration-ms="1432" status="PASS">
          <params>
            <param index="0">
              <value>
                <![CDATA[mona]]>
              </value>
            </param>
            <param index="1">
              <value>
                <![CDATA[mp1]]>
              </value>
            </param>
            <param index="2">
              <value>
                <![CDATA[mp1]]>
              </value>
            </param>
            <param index="3">
              <value>
                <![CDATA[mp@gmail.com]]>
              </value>
            </param>
            <param index="4">
              <value>
                <![CDATA[9887665443]]>
              </value>
            </param>
          </params>
          <reporter-output>
          </reporter-output>
        </test-method> <!-- verifyRegisterFunctionality -->
        <test-method is-config="true" signature="tearDown()[pri:0, instance:com.cloudmiracle.qa.testcases.SignUpPageTestCases@5c45d770]" started-at="2022-06-15T12:57:42Z" name="tearDown" finished-at="2022-06-15T12:57:42Z" duration-ms="133" status="PASS">
          <reporter-output>
          </reporter-output>
        </test-method> <!-- tearDown -->
      </class> <!-- com.cloudmiracle.qa.testcases.SignUpPageTestCases -->
      <class name="com.cloudmiracle.qa.testcases.CompanyListPageTestcases">
        <test-method is-config="true" signature="setup()[pri:0, instance:com.cloudmiracle.qa.testcases.CompanyListPageTestcases@1bae316d]" started-at="2022-06-15T12:54:02Z" name="setup" finished-at="2022-06-15T12:54:09Z" duration-ms="6663" status="PASS">
          <reporter-output>
          </reporter-output>
        </test-method> <!-- setup -->
        <test-method signature="verifyTimeLeftElement()[pri:1, instance:com.cloudmiracle.qa.testcases.CompanyListPageTestcases@1bae316d]" started-at="2022-06-15T12:54:09Z" name="verifyTimeLeftElement" finished-at="2022-06-15T12:54:12Z" duration-ms="3394" status="PASS">
          <reporter-output>
          </reporter-output>
        </test-method> <!-- verifyTimeLeftElement -->
        <test-method is-config="true" signature="tearDown()[pri:0, instance:com.cloudmiracle.qa.testcases.CompanyListPageTestcases@1bae316d]" started-at="2022-06-15T12:54:12Z" name="tearDown" finished-at="2022-06-15T12:54:12Z" duration-ms="140" status="PASS">
          <reporter-output>
          </reporter-output>
        </test-method> <!-- tearDown -->
        <test-method is-config="true" signature="setup()[pri:0, instance:com.cloudmiracle.qa.testcases.CompanyListPageTestcases@1bae316d]" started-at="2022-06-15T12:54:27Z" name="setup" finished-at="2022-06-15T12:54:34Z" duration-ms="7207" status="PASS">
          <reporter-output>
          </reporter-output>
        </test-method> <!-- setup -->
        <test-method signature="verifyUserNameElement()[pri:2, instance:com.cloudmiracle.qa.testcases.CompanyListPageTestcases@1bae316d]" started-at="2022-06-15T12:54:34Z" name="verifyUserNameElement" finished-at="2022-06-15T12:54:48Z" duration-ms="14025" status="PASS">
          <reporter-output>
          </reporter-output>
        </test-method> <!-- verifyUserNameElement -->
        <test-method is-config="true" signature="tearDown()[pri:0, instance:com.cloudmiracle.qa.testcases.CompanyListPageTestcases@1bae316d]" started-at="2022-06-15T12:54:48Z" name="tearDown" finished-at="2022-06-15T12:54:48Z" duration-ms="142" status="PASS">
          <reporter-output>
          </reporter-output>
        </test-method> <!-- tearDown -->
        <test-method is-config="true" signature="setup()[pri:0, instance:com.cloudmiracle.qa.testcases.CompanyListPageTestcases@1bae316d]" started-at="2022-06-15T12:55:11Z" name="setup" finished-at="2022-06-15T12:55:18Z" duration-ms="7055" status="PASS">
          <reporter-output>
          </reporter-output>
        </test-method> <!-- setup -->
        <test-method signature="verifyLogoutElement()[pri:3, instance:com.cloudmiracle.qa.testcases.CompanyListPageTestcases@1bae316d]" started-at="2022-06-15T12:55:18Z" name="verifyLogoutElement" finished-at="2022-06-15T12:55:22Z" duration-ms="4035" status="PASS">
          <reporter-output>
          </reporter-output>
        </test-method> <!-- verifyLogoutElement -->
        <test-method is-config="true" signature="tearDown()[pri:0, instance:com.cloudmiracle.qa.testcases.CompanyListPageTestcases@1bae316d]" started-at="2022-06-15T12:55:22Z" name="tearDown" finished-at="2022-06-15T12:55:22Z" duration-ms="141" status="PASS">
          <reporter-output>
          </reporter-output>
        </test-method> <!-- tearDown -->
        <test-method is-config="true" signature="setup()[pri:0, instance:com.cloudmiracle.qa.testcases.CompanyListPageTestcases@1bae316d]" started-at="2022-06-15T12:55:37Z" name="setup" finished-at="2022-06-15T12:55:44Z" duration-ms="7231" status="PASS">
          <reporter-output>
          </reporter-output>
        </test-method> <!-- setup -->
        <test-method signature="verifyCmpListPageCaption()[pri:4, instance:com.cloudmiracle.qa.testcases.CompanyListPageTestcases@1bae316d]" started-at="2022-06-15T12:55:44Z" name="verifyCmpListPageCaption" finished-at="2022-06-15T12:55:58Z" duration-ms="13482" status="PASS">
          <reporter-output>
          </reporter-output>
        </test-method> <!-- verifyCmpListPageCaption -->
        <test-method is-config="true" signature="tearDown()[pri:0, instance:com.cloudmiracle.qa.testcases.CompanyListPageTestcases@1bae316d]" started-at="2022-06-15T12:55:58Z" name="tearDown" finished-at="2022-06-15T12:55:58Z" duration-ms="150" status="PASS">
          <reporter-output>
          </reporter-output>
        </test-method> <!-- tearDown -->
        <test-method is-config="true" signature="setup()[pri:0, instance:com.cloudmiracle.qa.testcases.CompanyListPageTestcases@1bae316d]" started-at="2022-06-15T12:56:12Z" name="setup" finished-at="2022-06-15T12:56:20Z" duration-ms="7280" status="PASS">
          <reporter-output>
          </reporter-output>
        </test-method> <!-- setup -->
        <test-method signature="verifySearchElement()[pri:5, instance:com.cloudmiracle.qa.testcases.CompanyListPageTestcases@1bae316d]" started-at="2022-06-15T12:56:20Z" name="verifySearchElement" finished-at="2022-06-15T12:56:34Z" duration-ms="13911" status="PASS">
          <reporter-output>
          </reporter-output>
        </test-method> <!-- verifySearchElement -->
        <test-method is-config="true" signature="tearDown()[pri:0, instance:com.cloudmiracle.qa.testcases.CompanyListPageTestcases@1bae316d]" started-at="2022-06-15T12:56:34Z" name="tearDown" finished-at="2022-06-15T12:56:34Z" duration-ms="142" status="PASS">
          <reporter-output>
          </reporter-output>
        </test-method> <!-- tearDown -->
        <test-method is-config="true" signature="setup()[pri:0, instance:com.cloudmiracle.qa.testcases.CompanyListPageTestcases@1bae316d]" started-at="2022-06-15T12:56:49Z" name="setup" finished-at="2022-06-15T12:56:56Z" duration-ms="6926" status="PASS">
          <reporter-output>
          </reporter-output>
        </test-method> <!-- setup -->
        <test-method signature="verifyCmpListTableHeader()[pri:6, instance:com.cloudmiracle.qa.testcases.CompanyListPageTestcases@1bae316d]" started-at="2022-06-15T12:56:56Z" name="verifyCmpListTableHeader" finished-at="2022-06-15T12:57:09Z" duration-ms="13772" status="PASS">
          <reporter-output>
          </reporter-output>
        </test-method> <!-- verifyCmpListTableHeader -->
        <test-method is-config="true" signature="tearDown()[pri:0, instance:com.cloudmiracle.qa.testcases.CompanyListPageTestcases@1bae316d]" started-at="2022-06-15T12:57:09Z" name="tearDown" finished-at="2022-06-15T12:57:10Z" duration-ms="158" status="PASS">
          <reporter-output>
          </reporter-output>
        </test-method> <!-- tearDown -->
        <test-method is-config="true" signature="setup()[pri:0, instance:com.cloudmiracle.qa.testcases.CompanyListPageTestcases@1bae316d]" started-at="2022-06-15T12:57:48Z" name="setup" finished-at="2022-06-15T12:57:55Z" duration-ms="7322" status="PASS">
          <reporter-output>
          </reporter-output>
        </test-method> <!-- setup -->
        <test-method signature="verifyCmpListTableContent()[pri:7, instance:com.cloudmiracle.qa.testcases.CompanyListPageTestcases@1bae316d]" started-at="2022-06-15T12:57:55Z" name="verifyCmpListTableContent" finished-at="2022-06-15T12:58:11Z" duration-ms="16287" status="PASS">
          <reporter-output>
          </reporter-output>
        </test-method> <!-- verifyCmpListTableContent -->
        <test-method is-config="true" signature="tearDown()[pri:0, instance:com.cloudmiracle.qa.testcases.CompanyListPageTestcases@1bae316d]" started-at="2022-06-15T12:58:11Z" name="tearDown" finished-at="2022-06-15T12:58:11Z" duration-ms="114" status="PASS">
          <reporter-output>
          </reporter-output>
        </test-method> <!-- tearDown -->
        <test-method is-config="true" signature="setup()[pri:0, instance:com.cloudmiracle.qa.testcases.CompanyListPageTestcases@1bae316d]" started-at="2022-06-15T12:58:20Z" name="setup" finished-at="2022-06-15T12:58:29Z" duration-ms="8108" status="PASS">
          <reporter-output>
          </reporter-output>
        </test-method> <!-- setup -->
        <test-method signature="verifyCmpListPageSizeElement()[pri:8, instance:com.cloudmiracle.qa.testcases.CompanyListPageTestcases@1bae316d]" started-at="2022-06-15T12:58:29Z" name="verifyCmpListPageSizeElement" finished-at="2022-06-15T12:58:46Z" duration-ms="17702" status="PASS">
          <reporter-output>
          </reporter-output>
        </test-method> <!-- verifyCmpListPageSizeElement -->
        <test-method is-config="true" signature="tearDown()[pri:0, instance:com.cloudmiracle.qa.testcases.CompanyListPageTestcases@1bae316d]" started-at="2022-06-15T12:58:46Z" name="tearDown" finished-at="2022-06-15T12:58:46Z" duration-ms="135" status="PASS">
          <reporter-output>
          </reporter-output>
        </test-method> <!-- tearDown -->
        <test-method is-config="true" signature="setup()[pri:0, instance:com.cloudmiracle.qa.testcases.CompanyListPageTestcases@1bae316d]" started-at="2022-06-15T12:58:52Z" name="setup" finished-at="2022-06-15T12:58:59Z" duration-ms="6905" status="PASS">
          <reporter-output>
          </reporter-output>
        </test-method> <!-- setup -->
        <test-method signature="verifyCmpListTotalPages()[pri:9, instance:com.cloudmiracle.qa.testcases.CompanyListPageTestcases@1bae316d]" started-at="2022-06-15T12:58:59Z" name="verifyCmpListTotalPages" finished-at="2022-06-15T12:59:14Z" duration-ms="14602" status="PASS">
          <reporter-output>
          </reporter-output>
        </test-method> <!-- verifyCmpListTotalPages -->
        <test-method is-config="true" signature="tearDown()[pri:0, instance:com.cloudmiracle.qa.testcases.CompanyListPageTestcases@1bae316d]" started-at="2022-06-15T12:59:14Z" name="tearDown" finished-at="2022-06-15T12:59:14Z" duration-ms="103" status="PASS">
          <reporter-output>
          </reporter-output>
        </test-method> <!-- tearDown -->
        <test-method is-config="true" signature="setup()[pri:0, instance:com.cloudmiracle.qa.testcases.CompanyListPageTestcases@1bae316d]" started-at="2022-06-15T12:59:21Z" name="setup" finished-at="2022-06-15T12:59:27Z" duration-ms="6481" status="PASS">
          <reporter-output>
          </reporter-output>
        </test-method> <!-- setup -->
        <test-method signature="verifyCmpListAllButtonsElement()[pri:10, instance:com.cloudmiracle.qa.testcases.CompanyListPageTestcases@1bae316d]" started-at="2022-06-15T12:59:27Z" name="verifyCmpListAllButtonsElement" finished-at="2022-06-15T12:59:42Z" duration-ms="14386" status="PASS">
          <reporter-output>
          </reporter-output>
        </test-method> <!-- verifyCmpListAllButtonsElement -->
        <test-method is-config="true" signature="tearDown()[pri:0, instance:com.cloudmiracle.qa.testcases.CompanyListPageTestcases@1bae316d]" started-at="2022-06-15T12:59:42Z" name="tearDown" finished-at="2022-06-15T12:59:42Z" duration-ms="98" status="PASS">
          <reporter-output>
          </reporter-output>
        </test-method> <!-- tearDown -->
        <test-method is-config="true" signature="setup()[pri:0, instance:com.cloudmiracle.qa.testcases.CompanyListPageTestcases@1bae316d]" started-at="2022-06-15T12:59:48Z" name="setup" finished-at="2022-06-15T12:59:55Z" duration-ms="7000" status="PASS">
          <reporter-output>
          </reporter-output>
        </test-method> <!-- setup -->
        <test-method signature="verifyAddBtnFunctionality()[pri:11, instance:com.cloudmiracle.qa.testcases.CompanyListPageTestcases@1bae316d]" started-at="2022-06-15T12:59:55Z" name="verifyAddBtnFunctionality" finished-at="2022-06-15T13:00:11Z" duration-ms="15923" status="PASS">
          <reporter-output>
          </reporter-output>
        </test-method> <!-- verifyAddBtnFunctionality -->
        <test-method is-config="true" signature="tearDown()[pri:0, instance:com.cloudmiracle.qa.testcases.CompanyListPageTestcases@1bae316d]" started-at="2022-06-15T13:00:11Z" name="tearDown" finished-at="2022-06-15T13:00:11Z" duration-ms="140" status="PASS">
          <reporter-output>
          </reporter-output>
        </test-method> <!-- tearDown -->
        <test-method is-config="true" signature="setup()[pri:0, instance:com.cloudmiracle.qa.testcases.CompanyListPageTestcases@1bae316d]" started-at="2022-06-15T13:00:26Z" name="setup" finished-at="2022-06-15T13:00:33Z" duration-ms="7278" status="PASS">
          <reporter-output>
          </reporter-output>
        </test-method> <!-- setup -->
        <test-method signature="verifyEditBtnFunctionality()[pri:12, instance:com.cloudmiracle.qa.testcases.CompanyListPageTestcases@1bae316d]" started-at="2022-06-15T13:00:33Z" name="verifyEditBtnFunctionality" finished-at="2022-06-15T13:00:50Z" duration-ms="17082" status="PASS">
          <reporter-output>
          </reporter-output>
        </test-method> <!-- verifyEditBtnFunctionality -->
        <test-method is-config="true" signature="tearDown()[pri:0, instance:com.cloudmiracle.qa.testcases.CompanyListPageTestcases@1bae316d]" started-at="2022-06-15T13:00:50Z" name="tearDown" finished-at="2022-06-15T13:00:50Z" duration-ms="100" status="PASS">
          <reporter-output>
          </reporter-output>
        </test-method> <!-- tearDown -->
        <test-method is-config="true" signature="setup()[pri:0, instance:com.cloudmiracle.qa.testcases.CompanyListPageTestcases@1bae316d]" started-at="2022-06-15T13:00:50Z" name="setup" finished-at="2022-06-15T13:00:58Z" duration-ms="7354" status="PASS">
          <reporter-output>
          </reporter-output>
        </test-method> <!-- setup -->
        <test-method signature="verifyDeleteBtnFunctionality()[pri:13, instance:com.cloudmiracle.qa.testcases.CompanyListPageTestcases@1bae316d]" started-at="2022-06-15T13:00:58Z" name="verifyDeleteBtnFunctionality" finished-at="2022-06-15T13:01:13Z" duration-ms="15303" status="PASS">
          <reporter-output>
          </reporter-output>
        </test-method> <!-- verifyDeleteBtnFunctionality -->
        <test-method is-config="true" signature="tearDown()[pri:0, instance:com.cloudmiracle.qa.testcases.CompanyListPageTestcases@1bae316d]" started-at="2022-06-15T13:01:13Z" name="tearDown" finished-at="2022-06-15T13:01:13Z" duration-ms="105" status="PASS">
          <reporter-output>
          </reporter-output>
        </test-method> <!-- tearDown -->
        <test-method is-config="true" signature="setup()[pri:0, instance:com.cloudmiracle.qa.testcases.CompanyListPageTestcases@1bae316d]" started-at="2022-06-15T13:01:13Z" name="setup" finished-at="2022-06-15T13:01:20Z" duration-ms="6891" status="PASS">
          <reporter-output>
          </reporter-output>
        </test-method> <!-- setup -->
        <test-method signature="verifyCmpDetailsAllTabElements()[pri:14, instance:com.cloudmiracle.qa.testcases.CompanyListPageTestcases@1bae316d]" started-at="2022-06-15T13:01:20Z" name="verifyCmpDetailsAllTabElements" finished-at="2022-06-15T13:01:36Z" duration-ms="16557" status="PASS">
          <reporter-output>
          </reporter-output>
        </test-method> <!-- verifyCmpDetailsAllTabElements -->
        <test-method is-config="true" signature="tearDown()[pri:0, instance:com.cloudmiracle.qa.testcases.CompanyListPageTestcases@1bae316d]" started-at="2022-06-15T13:01:36Z" name="tearDown" finished-at="2022-06-15T13:01:37Z" duration-ms="96" status="PASS">
          <reporter-output>
          </reporter-output>
        </test-method> <!-- tearDown -->
        <test-method is-config="true" signature="setup()[pri:0, instance:com.cloudmiracle.qa.testcases.CompanyListPageTestcases@1bae316d]" started-at="2022-06-15T13:01:37Z" name="setup" finished-at="2022-06-15T13:01:43Z" duration-ms="6507" status="PASS">
          <reporter-output>
          </reporter-output>
        </test-method> <!-- setup -->
        <test-method signature="verifyCmpDetailsLegendsElements()[pri:15, instance:com.cloudmiracle.qa.testcases.CompanyListPageTestcases@1bae316d]" started-at="2022-06-15T13:01:43Z" name="verifyCmpDetailsLegendsElements" finished-at="2022-06-15T13:01:59Z" duration-ms="15813" status="PASS">
          <reporter-output>
          </reporter-output>
        </test-method> <!-- verifyCmpDetailsLegendsElements -->
        <test-method is-config="true" signature="tearDown()[pri:0, instance:com.cloudmiracle.qa.testcases.CompanyListPageTestcases@1bae316d]" started-at="2022-06-15T13:01:59Z" name="tearDown" finished-at="2022-06-15T13:01:59Z" duration-ms="107" status="PASS">
          <reporter-output>
          </reporter-output>
        </test-method> <!-- tearDown -->
        <test-method is-config="true" signature="setup()[pri:0, instance:com.cloudmiracle.qa.testcases.CompanyListPageTestcases@1bae316d]" started-at="2022-06-15T13:01:59Z" name="setup" finished-at="2022-06-15T13:02:06Z" duration-ms="6915" status="PASS">
          <reporter-output>
          </reporter-output>
        </test-method> <!-- setup -->
        <test-method signature="verifyCmpDetailsAllButtonsElements()[pri:16, instance:com.cloudmiracle.qa.testcases.CompanyListPageTestcases@1bae316d]" started-at="2022-06-15T13:02:06Z" name="verifyCmpDetailsAllButtonsElements" finished-at="2022-06-15T13:02:22Z" duration-ms="15908" status="PASS">
          <reporter-output>
          </reporter-output>
        </test-method> <!-- verifyCmpDetailsAllButtonsElements -->
        <test-method is-config="true" signature="tearDown()[pri:0, instance:com.cloudmiracle.qa.testcases.CompanyListPageTestcases@1bae316d]" started-at="2022-06-15T13:02:22Z" name="tearDown" finished-at="2022-06-15T13:02:22Z" duration-ms="140" status="PASS">
          <reporter-output>
          </reporter-output>
        </test-method> <!-- tearDown -->
        <test-method is-config="true" signature="setup()[pri:0, instance:com.cloudmiracle.qa.testcases.CompanyListPageTestcases@1bae316d]" started-at="2022-06-15T13:02:22Z" name="setup" finished-at="2022-06-15T13:02:29Z" duration-ms="7352" status="PASS">
          <reporter-output>
          </reporter-output>
        </test-method> <!-- setup -->
        <test-method signature="verifyCloseBtnElement()[pri:17, instance:com.cloudmiracle.qa.testcases.CompanyListPageTestcases@1bae316d]" started-at="2022-06-15T13:02:29Z" name="verifyCloseBtnElement" finished-at="2022-06-15T13:02:45Z" duration-ms="15965" status="PASS">
          <reporter-output>
          </reporter-output>
        </test-method> <!-- verifyCloseBtnElement -->
        <test-method is-config="true" signature="tearDown()[pri:0, instance:com.cloudmiracle.qa.testcases.CompanyListPageTestcases@1bae316d]" started-at="2022-06-15T13:02:45Z" name="tearDown" finished-at="2022-06-15T13:02:45Z" duration-ms="110" status="PASS">
          <reporter-output>
          </reporter-output>
        </test-method> <!-- tearDown -->
        <test-method is-config="true" signature="setup()[pri:0, instance:com.cloudmiracle.qa.testcases.CompanyListPageTestcases@1bae316d]" started-at="2022-06-15T13:02:45Z" name="setup" finished-at="2022-06-15T13:02:52Z" duration-ms="6724" status="PASS">
          <reporter-output>
          </reporter-output>
        </test-method> <!-- setup -->
        <test-method signature="verifytoAddNewCompanyDetailsFunctionality(java.lang.String, java.lang.String, java.lang.String, java.lang.String, java.lang.String)[pri:18, instance:com.cloudmiracle.qa.testcases.CompanyListPageTestcases@1bae316d]" started-at="2022-06-15T13:02:52Z" name="verifytoAddNewCompanyDetailsFunctionality" data-provider="getAddNewCompanyDetails" finished-at="2022-06-15T13:03:09Z" duration-ms="16975" status="PASS">
          <params>
            <param index="0">
              <value>
                <![CDATA[3]]>
              </value>
            </param>
            <param index="1">
              <value>
                <![CDATA[TestCmp1]]>
              </value>
            </param>
            <param index="2">
              <value>
                <![CDATA[TC1]]>
              </value>
            </param>
            <param index="3">
              <value>
                <![CDATA[TCRH1]]>
              </value>
            </param>
            <param index="4">
              <value>
                <![CDATA[TCRH12]]>
              </value>
            </param>
          </params>
          <reporter-output>
          </reporter-output>
        </test-method> <!-- verifytoAddNewCompanyDetailsFunctionality -->
        <test-method is-config="true" signature="tearDown()[pri:0, instance:com.cloudmiracle.qa.testcases.CompanyListPageTestcases@1bae316d]" started-at="2022-06-15T13:03:09Z" name="tearDown" finished-at="2022-06-15T13:03:09Z" duration-ms="96" status="PASS">
          <reporter-output>
          </reporter-output>
        </test-method> <!-- tearDown -->
        <test-method is-config="true" signature="setup()[pri:0, instance:com.cloudmiracle.qa.testcases.CompanyListPageTestcases@1bae316d]" started-at="2022-06-15T13:03:09Z" name="setup" finished-at="2022-06-15T13:03:16Z" duration-ms="7114" status="PASS">
          <reporter-output>
          </reporter-output>
        </test-method> <!-- setup -->
        <test-method signature="verifytoAddNewCompanyDetailsFunctionality(java.lang.String, java.lang.String, java.lang.String, java.lang.String, java.lang.String)[pri:18, instance:com.cloudmiracle.qa.testcases.CompanyListPageTestcases@1bae316d]" started-at="2022-06-15T13:03:16Z" name="verifytoAddNewCompanyDetailsFunctionality" data-provider="getAddNewCompanyDetails" finished-at="2022-06-15T13:03:33Z" duration-ms="16940" status="PASS">
          <params>
            <param index="0">
              <value>
                <![CDATA[4]]>
              </value>
            </param>
            <param index="1">
              <value>
                <![CDATA[TestCmp2]]>
              </value>
            </param>
            <param index="2">
              <value>
                <![CDATA[TC2]]>
              </value>
            </param>
            <param index="3">
              <value>
                <![CDATA[TCRH2]]>
              </value>
            </param>
            <param index="4">
              <value>
                <![CDATA[TCRH22]]>
              </value>
            </param>
          </params>
          <reporter-output>
          </reporter-output>
        </test-method> <!-- verifytoAddNewCompanyDetailsFunctionality -->
        <test-method is-config="true" signature="tearDown()[pri:0, instance:com.cloudmiracle.qa.testcases.CompanyListPageTestcases@1bae316d]" started-at="2022-06-15T13:03:33Z" name="tearDown" finished-at="2022-06-15T13:03:33Z" duration-ms="104" status="PASS">
          <reporter-output>
          </reporter-output>
        </test-method> <!-- tearDown -->
        <test-method is-config="true" signature="setup()[pri:0, instance:com.cloudmiracle.qa.testcases.CompanyListPageTestcases@1bae316d]" started-at="2022-06-15T13:03:33Z" name="setup" finished-at="2022-06-15T13:03:40Z" duration-ms="6644" status="PASS">
          <reporter-output>
          </reporter-output>
        </test-method> <!-- setup -->
        <test-method signature="verifyLogoutFunctionality()[pri:19, instance:com.cloudmiracle.qa.testcases.CompanyListPageTestcases@1bae316d]" started-at="2022-06-15T13:03:40Z" name="verifyLogoutFunctionality" finished-at="2022-06-15T13:03:44Z" duration-ms="3992" status="PASS">
          <reporter-output>
          </reporter-output>
        </test-method> <!-- verifyLogoutFunctionality -->
        <test-method is-config="true" signature="tearDown()[pri:0, instance:com.cloudmiracle.qa.testcases.CompanyListPageTestcases@1bae316d]" started-at="2022-06-15T13:03:44Z" name="tearDown" finished-at="2022-06-15T13:03:44Z" duration-ms="138" status="PASS">
          <reporter-output>
          </reporter-output>
        </test-method> <!-- tearDown -->
      </class> <!-- com.cloudmiracle.qa.testcases.CompanyListPageTestcases -->
      <class name="com.cloudmiracle.qa.testcases.LoginPageTestcases">
        <test-method is-config="true" signature="setup()[pri:0, instance:com.cloudmiracle.qa.testcases.LoginPageTestcases@2ce6c6ec]" started-at="2022-06-15T12:53:55Z" name="setup" finished-at="2022-06-15T12:54:02Z" duration-ms="6680" status="PASS">
          <reporter-output>
          </reporter-output>
        </test-method> <!-- setup -->
        <test-method signature="verifyLoginPageTitle()[pri:1, instance:com.cloudmiracle.qa.testcases.LoginPageTestcases@2ce6c6ec]" started-at="2022-06-15T12:54:02Z" name="verifyLoginPageTitle" finished-at="2022-06-15T12:54:02Z" duration-ms="21" status="PASS">
          <reporter-output>
          </reporter-output>
        </test-method> <!-- verifyLoginPageTitle -->
        <test-method is-config="true" signature="tearDown()[pri:0, instance:com.cloudmiracle.qa.testcases.LoginPageTestcases@2ce6c6ec]" started-at="2022-06-15T12:54:02Z" name="tearDown" finished-at="2022-06-15T12:54:02Z" duration-ms="88" status="PASS">
          <reporter-output>
          </reporter-output>
        </test-method> <!-- tearDown -->
        <test-method is-config="true" signature="setup()[pri:0, instance:com.cloudmiracle.qa.testcases.LoginPageTestcases@2ce6c6ec]" started-at="2022-06-15T12:54:21Z" name="setup" finished-at="2022-06-15T12:54:27Z" duration-ms="5783" status="PASS">
          <reporter-output>
          </reporter-output>
        </test-method> <!-- setup -->
        <test-method signature="verifyCmpLogoImg()[pri:2, instance:com.cloudmiracle.qa.testcases.LoginPageTestcases@2ce6c6ec]" started-at="2022-06-15T12:54:27Z" name="verifyCmpLogoImg" finished-at="2022-06-15T12:54:27Z" duration-ms="36" status="PASS">
          <reporter-output>
          </reporter-output>
        </test-method> <!-- verifyCmpLogoImg -->
        <test-method is-config="true" signature="tearDown()[pri:0, instance:com.cloudmiracle.qa.testcases.LoginPageTestcases@2ce6c6ec]" started-at="2022-06-15T12:54:27Z" name="tearDown" finished-at="2022-06-15T12:54:27Z" duration-ms="97" status="PASS">
          <reporter-output>
          </reporter-output>
        </test-method> <!-- tearDown -->
        <test-method is-config="true" signature="setup()[pri:0, instance:com.cloudmiracle.qa.testcases.LoginPageTestcases@2ce6c6ec]" started-at="2022-06-15T12:55:05Z" name="setup" finished-at="2022-06-15T12:55:11Z" duration-ms="5600" status="PASS">
          <reporter-output>
          </reporter-output>
        </test-method> <!-- setup -->
        <test-method signature="verifyBackgroundImg()[pri:3, instance:com.cloudmiracle.qa.testcases.LoginPageTestcases@2ce6c6ec]" started-at="2022-06-15T12:55:11Z" name="verifyBackgroundImg" finished-at="2022-06-15T12:55:11Z" duration-ms="36" status="PASS">
          <reporter-output>
          </reporter-output>
        </test-method> <!-- verifyBackgroundImg -->
        <test-method is-config="true" signature="tearDown()[pri:0, instance:com.cloudmiracle.qa.testcases.LoginPageTestcases@2ce6c6ec]" started-at="2022-06-15T12:55:11Z" name="tearDown" finished-at="2022-06-15T12:55:11Z" duration-ms="83" status="PASS">
          <reporter-output>
          </reporter-output>
        </test-method> <!-- tearDown -->
        <test-method is-config="true" signature="setup()[pri:0, instance:com.cloudmiracle.qa.testcases.LoginPageTestcases@2ce6c6ec]" started-at="2022-06-15T12:55:31Z" name="setup" finished-at="2022-06-15T12:55:37Z" duration-ms="5462" status="PASS">
          <reporter-output>
          </reporter-output>
        </test-method> <!-- setup -->
        <test-method signature="verifyLoginPageCaption()[pri:4, instance:com.cloudmiracle.qa.testcases.LoginPageTestcases@2ce6c6ec]" started-at="2022-06-15T12:55:37Z" name="verifyLoginPageCaption" finished-at="2022-06-15T12:55:37Z" duration-ms="30" status="PASS">
          <reporter-output>
          </reporter-output>
        </test-method> <!-- verifyLoginPageCaption -->
        <test-method is-config="true" signature="tearDown()[pri:0, instance:com.cloudmiracle.qa.testcases.LoginPageTestcases@2ce6c6ec]" started-at="2022-06-15T12:55:37Z" name="tearDown" finished-at="2022-06-15T12:55:37Z" duration-ms="96" status="PASS">
          <reporter-output>
          </reporter-output>
        </test-method> <!-- tearDown -->
        <test-method is-config="true" signature="setup()[pri:0, instance:com.cloudmiracle.qa.testcases.LoginPageTestcases@2ce6c6ec]" started-at="2022-06-15T12:56:06Z" name="setup" finished-at="2022-06-15T12:56:12Z" duration-ms="5863" status="PASS">
          <reporter-output>
          </reporter-output>
        </test-method> <!-- setup -->
        <test-method signature="verifySignUpLink()[pri:5, instance:com.cloudmiracle.qa.testcases.LoginPageTestcases@2ce6c6ec]" started-at="2022-06-15T12:56:12Z" name="verifySignUpLink" finished-at="2022-06-15T12:56:12Z" duration-ms="42" status="PASS">
          <reporter-output>
          </reporter-output>
        </test-method> <!-- verifySignUpLink -->
        <test-method is-config="true" signature="tearDown()[pri:0, instance:com.cloudmiracle.qa.testcases.LoginPageTestcases@2ce6c6ec]" started-at="2022-06-15T12:56:12Z" name="tearDown" finished-at="2022-06-15T12:56:12Z" duration-ms="132" status="PASS">
          <reporter-output>
          </reporter-output>
        </test-method> <!-- tearDown -->
        <test-method is-config="true" signature="setup()[pri:0, instance:com.cloudmiracle.qa.testcases.LoginPageTestcases@2ce6c6ec]" started-at="2022-06-15T12:56:43Z" name="setup" finished-at="2022-06-15T12:56:49Z" duration-ms="5845" status="PASS">
          <reporter-output>
          </reporter-output>
        </test-method> <!-- setup -->
        <test-method signature="verifySignUpLinkEnable()[pri:6, instance:com.cloudmiracle.qa.testcases.LoginPageTestcases@2ce6c6ec]" started-at="2022-06-15T12:56:49Z" name="verifySignUpLinkEnable" finished-at="2022-06-15T12:56:49Z" duration-ms="29" status="PASS">
          <reporter-output>
          </reporter-output>
        </test-method> <!-- verifySignUpLinkEnable -->
        <test-method is-config="true" signature="tearDown()[pri:0, instance:com.cloudmiracle.qa.testcases.LoginPageTestcases@2ce6c6ec]" started-at="2022-06-15T12:56:49Z" name="tearDown" finished-at="2022-06-15T12:56:49Z" duration-ms="84" status="PASS">
          <reporter-output>
          </reporter-output>
        </test-method> <!-- tearDown -->
        <test-method is-config="true" signature="setup()[pri:0, instance:com.cloudmiracle.qa.testcases.LoginPageTestcases@2ce6c6ec]" started-at="2022-06-15T12:57:42Z" name="setup" finished-at="2022-06-15T12:57:47Z" duration-ms="5651" status="PASS">
          <reporter-output>
          </reporter-output>
        </test-method> <!-- setup -->
        <test-method signature="verifySignUPText()[pri:7, instance:com.cloudmiracle.qa.testcases.LoginPageTestcases@2ce6c6ec]" started-at="2022-06-15T12:57:47Z" name="verifySignUPText" finished-at="2022-06-15T12:57:47Z" duration-ms="37" status="PASS">
          <reporter-output>
          </reporter-output>
        </test-method> <!-- verifySignUPText -->
        <test-method is-config="true" signature="tearDown()[pri:0, instance:com.cloudmiracle.qa.testcases.LoginPageTestcases@2ce6c6ec]" started-at="2022-06-15T12:57:47Z" name="tearDown" finished-at="2022-06-15T12:57:48Z" duration-ms="110" status="PASS">
          <reporter-output>
          </reporter-output>
        </test-method> <!-- tearDown -->
        <test-method is-config="true" signature="setup()[pri:0, instance:com.cloudmiracle.qa.testcases.LoginPageTestcases@2ce6c6ec]" started-at="2022-06-15T12:58:11Z" name="setup" finished-at="2022-06-15T12:58:17Z" duration-ms="6049" status="PASS">
          <reporter-output>
          </reporter-output>
        </test-method> <!-- setup -->
        <test-method signature="verifySignUPLinkFunctionality()[pri:8, instance:com.cloudmiracle.qa.testcases.LoginPageTestcases@2ce6c6ec]" started-at="2022-06-15T12:58:17Z" name="verifySignUPLinkFunctionality" finished-at="2022-06-15T12:58:20Z" duration-ms="3081" status="PASS">
          <reporter-output>
          </reporter-output>
        </test-method> <!-- verifySignUPLinkFunctionality -->
        <test-method is-config="true" signature="tearDown()[pri:0, instance:com.cloudmiracle.qa.testcases.LoginPageTestcases@2ce6c6ec]" started-at="2022-06-15T12:58:20Z" name="tearDown" finished-at="2022-06-15T12:58:20Z" duration-ms="85" status="PASS">
          <reporter-output>
          </reporter-output>
        </test-method> <!-- tearDown -->
        <test-method is-config="true" signature="setup()[pri:0, instance:com.cloudmiracle.qa.testcases.LoginPageTestcases@2ce6c6ec]" started-at="2022-06-15T12:58:46Z" name="setup" finished-at="2022-06-15T12:58:52Z" duration-ms="5759" status="PASS">
          <reporter-output>
          </reporter-output>
        </test-method> <!-- setup -->
        <test-method signature="verifyForgetPWDLink()[pri:9, instance:com.cloudmiracle.qa.testcases.LoginPageTestcases@2ce6c6ec]" started-at="2022-06-15T12:58:52Z" name="verifyForgetPWDLink" finished-at="2022-06-15T12:58:52Z" duration-ms="35" status="PASS">
          <reporter-output>
          </reporter-output>
        </test-method> <!-- verifyForgetPWDLink -->
        <test-method is-config="true" signature="tearDown()[pri:0, instance:com.cloudmiracle.qa.testcases.LoginPageTestcases@2ce6c6ec]" started-at="2022-06-15T12:58:52Z" name="tearDown" finished-at="2022-06-15T12:58:52Z" duration-ms="84" status="PASS">
          <reporter-output>
          </reporter-output>
        </test-method> <!-- tearDown -->
        <test-method is-config="true" signature="setup()[pri:0, instance:com.cloudmiracle.qa.testcases.LoginPageTestcases@2ce6c6ec]" started-at="2022-06-15T12:59:14Z" name="setup" finished-at="2022-06-15T12:59:21Z" duration-ms="6616" status="PASS">
          <reporter-output>
          </reporter-output>
        </test-method> <!-- setup -->
        <test-method signature="verifyForgotPWDLinkEnable()[pri:10, instance:com.cloudmiracle.qa.testcases.LoginPageTestcases@2ce6c6ec]" started-at="2022-06-15T12:59:21Z" name="verifyForgotPWDLinkEnable" finished-at="2022-06-15T12:59:21Z" duration-ms="27" status="PASS">
          <reporter-output>
          </reporter-output>
        </test-method> <!-- verifyForgotPWDLinkEnable -->
        <test-method is-config="true" signature="tearDown()[pri:0, instance:com.cloudmiracle.qa.testcases.LoginPageTestcases@2ce6c6ec]" started-at="2022-06-15T12:59:21Z" name="tearDown" finished-at="2022-06-15T12:59:21Z" duration-ms="90" status="PASS">
          <reporter-output>
          </reporter-output>
        </test-method> <!-- tearDown -->
        <test-method is-config="true" signature="setup()[pri:0, instance:com.cloudmiracle.qa.testcases.LoginPageTestcases@2ce6c6ec]" started-at="2022-06-15T12:59:42Z" name="setup" finished-at="2022-06-15T12:59:47Z" duration-ms="5859" status="PASS">
          <reporter-output>
          </reporter-output>
        </test-method> <!-- setup -->
        <test-method signature="verifyForgotPWDLinkFunctionality()[pri:11, instance:com.cloudmiracle.qa.testcases.LoginPageTestcases@2ce6c6ec]" started-at="2022-06-15T12:59:47Z" name="verifyForgotPWDLinkFunctionality" finished-at="2022-06-15T12:59:48Z" duration-ms="841" status="PASS">
          <reporter-output>
          </reporter-output>
        </test-method> <!-- verifyForgotPWDLinkFunctionality -->
        <test-method is-config="true" signature="tearDown()[pri:0, instance:com.cloudmiracle.qa.testcases.LoginPageTestcases@2ce6c6ec]" started-at="2022-06-15T12:59:48Z" name="tearDown" finished-at="2022-06-15T12:59:48Z" duration-ms="82" status="PASS">
          <reporter-output>
          </reporter-output>
        </test-method> <!-- tearDown -->
        <test-method is-config="true" signature="setup()[pri:0, instance:com.cloudmiracle.qa.testcases.LoginPageTestcases@2ce6c6ec]" started-at="2022-06-15T13:00:12Z" name="setup" finished-at="2022-06-15T13:00:17Z" duration-ms="5923" status="PASS">
          <reporter-output>
          </reporter-output>
        </test-method> <!-- setup -->
        <test-method signature="verifyLoginFunctionality(java.lang.String, java.lang.String)[pri:12, instance:com.cloudmiracle.qa.testcases.LoginPageTestcases@2ce6c6ec]" started-at="2022-06-15T13:00:17Z" name="verifyLoginFunctionality" data-provider="getLoginTestData" finished-at="2022-06-15T13:00:19Z" duration-ms="1229" status="PASS">
          <params>
            <param index="0">
              <value>
                <![CDATA[mp]]>
              </value>
            </param>
            <param index="1">
              <value>
                <![CDATA[mp]]>
              </value>
            </param>
          </params>
          <reporter-output>
          </reporter-output>
        </test-method> <!-- verifyLoginFunctionality -->
        <test-method is-config="true" signature="tearDown()[pri:0, instance:com.cloudmiracle.qa.testcases.LoginPageTestcases@2ce6c6ec]" started-at="2022-06-15T13:00:19Z" name="tearDown" finished-at="2022-06-15T13:00:19Z" duration-ms="87" status="PASS">
          <reporter-output>
          </reporter-output>
        </test-method> <!-- tearDown -->
        <test-method is-config="true" signature="setup()[pri:0, instance:com.cloudmiracle.qa.testcases.LoginPageTestcases@2ce6c6ec]" started-at="2022-06-15T13:00:19Z" name="setup" finished-at="2022-06-15T13:00:25Z" duration-ms="5770" status="PASS">
          <reporter-output>
          </reporter-output>
        </test-method> <!-- setup -->
        <test-method signature="verifyLoginFunctionality(java.lang.String, java.lang.String)[pri:12, instance:com.cloudmiracle.qa.testcases.LoginPageTestcases@2ce6c6ec]" started-at="2022-06-15T13:00:25Z" name="verifyLoginFunctionality" data-provider="getLoginTestData" finished-at="2022-06-15T13:00:26Z" duration-ms="1118" status="PASS">
          <params>
            <param index="0">
              <value>
                <![CDATA[pc]]>
              </value>
            </param>
            <param index="1">
              <value>
                <![CDATA[123]]>
              </value>
            </param>
          </params>
          <reporter-output>
          </reporter-output>
        </test-method> <!-- verifyLoginFunctionality -->
        <test-method is-config="true" signature="tearDown()[pri:0, instance:com.cloudmiracle.qa.testcases.LoginPageTestcases@2ce6c6ec]" started-at="2022-06-15T13:00:26Z" name="tearDown" finished-at="2022-06-15T13:00:26Z" duration-ms="89" status="PASS">
          <reporter-output>
          </reporter-output>
        </test-method> <!-- tearDown -->
      </class> <!-- com.cloudmiracle.qa.testcases.LoginPageTestcases -->
    </test> <!-- Test -->
  </suite> <!-- Suite -->
</testng-results>
