<?xml version="1.0" encoding="UTF-8"?>
<testng-results ignored="0" total="42" passed="41" failed="1" skipped="0">
  <reporter-output>
  </reporter-output>
  <suite started-at="2022-06-14T12:11:49Z" name="Suite" finished-at="2022-06-14T12:22:20Z" duration-ms="631046">
    <groups>
    </groups>
    <test started-at="2022-06-14T12:11:49Z" name="Test" finished-at="2022-06-14T12:22:20Z" duration-ms="631046">
      <class name="com.cloudmiracle.qa.testcases.SignUpPageTestCases">
        <test-method is-config="true" signature="setup()[pri:0, instance:com.cloudmiracle.qa.testcases.SignUpPageTestCases@63eef88a]" started-at="2022-06-14T17:41:49Z" name="setup" finished-at="2022-06-14T17:42:00Z" duration-ms="10197" status="PASS">
          <reporter-output>
          </reporter-output>
        </test-method> <!-- setup -->
        <test-method signature="verifyCmpLogoImg()[pri:1, instance:com.cloudmiracle.qa.testcases.SignUpPageTestCases@63eef88a]" started-at="2022-06-14T17:42:00Z" name="verifyCmpLogoImg" finished-at="2022-06-14T17:42:00Z" duration-ms="185" status="PASS">
          <reporter-output>
          </reporter-output>
        </test-method> <!-- verifyCmpLogoImg -->
        <test-method is-config="true" signature="tearDown()[pri:0, instance:com.cloudmiracle.qa.testcases.SignUpPageTestCases@63eef88a]" started-at="2022-06-14T17:42:00Z" name="tearDown" finished-at="2022-06-14T17:42:00Z" duration-ms="137" status="PASS">
          <reporter-output>
          </reporter-output>
        </test-method> <!-- tearDown -->
        <test-method is-config="true" signature="setup()[pri:0, instance:com.cloudmiracle.qa.testcases.SignUpPageTestCases@63eef88a]" started-at="2022-06-14T17:42:22Z" name="setup" finished-at="2022-06-14T17:42:31Z" duration-ms="9494" status="PASS">
          <reporter-output>
          </reporter-output>
        </test-method> <!-- setup -->
        <test-method signature="verifyBackgroundImg()[pri:2, instance:com.cloudmiracle.qa.testcases.SignUpPageTestCases@63eef88a]" started-at="2022-06-14T17:42:31Z" name="verifyBackgroundImg" finished-at="2022-06-14T17:42:31Z" duration-ms="47" status="PASS">
          <reporter-output>
          </reporter-output>
        </test-method> <!-- verifyBackgroundImg -->
        <test-method is-config="true" signature="tearDown()[pri:0, instance:com.cloudmiracle.qa.testcases.SignUpPageTestCases@63eef88a]" started-at="2022-06-14T17:42:31Z" name="tearDown" finished-at="2022-06-14T17:42:31Z" duration-ms="84" status="PASS">
          <reporter-output>
          </reporter-output>
        </test-method> <!-- tearDown -->
        <test-method is-config="true" signature="setup()[pri:0, instance:com.cloudmiracle.qa.testcases.SignUpPageTestCases@63eef88a]" started-at="2022-06-14T17:43:01Z" name="setup" finished-at="2022-06-14T17:43:11Z" duration-ms="9904" status="PASS">
          <reporter-output>
          </reporter-output>
        </test-method> <!-- setup -->
        <test-method signature="verifySignUpPageCaption()[pri:3, instance:com.cloudmiracle.qa.testcases.SignUpPageTestCases@63eef88a]" started-at="2022-06-14T17:43:11Z" name="verifySignUpPageCaption" finished-at="2022-06-14T17:43:11Z" duration-ms="50" status="PASS">
          <reporter-output>
          </reporter-output>
        </test-method> <!-- verifySignUpPageCaption -->
        <test-method is-config="true" signature="tearDown()[pri:0, instance:com.cloudmiracle.qa.testcases.SignUpPageTestCases@63eef88a]" started-at="2022-06-14T17:43:11Z" name="tearDown" finished-at="2022-06-14T17:43:11Z" duration-ms="148" status="PASS">
          <reporter-output>
          </reporter-output>
        </test-method> <!-- tearDown -->
        <test-method is-config="true" signature="setup()[pri:0, instance:com.cloudmiracle.qa.testcases.SignUpPageTestCases@63eef88a]" started-at="2022-06-14T17:43:30Z" name="setup" finished-at="2022-06-14T17:43:40Z" duration-ms="9270" status="PASS">
          <reporter-output>
          </reporter-output>
        </test-method> <!-- setup -->
        <test-method signature="verifyLoginLink()[pri:4, instance:com.cloudmiracle.qa.testcases.SignUpPageTestCases@63eef88a]" started-at="2022-06-14T17:43:40Z" name="verifyLoginLink" finished-at="2022-06-14T17:43:40Z" duration-ms="42" status="PASS">
          <reporter-output>
          </reporter-output>
        </test-method> <!-- verifyLoginLink -->
        <test-method is-config="true" signature="tearDown()[pri:0, instance:com.cloudmiracle.qa.testcases.SignUpPageTestCases@63eef88a]" started-at="2022-06-14T17:43:40Z" name="tearDown" finished-at="2022-06-14T17:43:40Z" duration-ms="139" status="PASS">
          <reporter-output>
          </reporter-output>
        </test-method> <!-- tearDown -->
        <test-method is-config="true" signature="setup()[pri:0, instance:com.cloudmiracle.qa.testcases.SignUpPageTestCases@63eef88a]" started-at="2022-06-14T17:44:10Z" name="setup" finished-at="2022-06-14T17:44:20Z" duration-ms="10102" status="PASS">
          <reporter-output>
          </reporter-output>
        </test-method> <!-- setup -->
        <test-method signature="verifyLoginLinkEnable()[pri:5, instance:com.cloudmiracle.qa.testcases.SignUpPageTestCases@63eef88a]" started-at="2022-06-14T17:44:20Z" name="verifyLoginLinkEnable" finished-at="2022-06-14T17:44:20Z" duration-ms="42" status="PASS">
          <reporter-output>
          </reporter-output>
        </test-method> <!-- verifyLoginLinkEnable -->
        <test-method is-config="true" signature="tearDown()[pri:0, instance:com.cloudmiracle.qa.testcases.SignUpPageTestCases@63eef88a]" started-at="2022-06-14T17:44:20Z" name="tearDown" finished-at="2022-06-14T17:44:20Z" duration-ms="133" status="PASS">
          <reporter-output>
          </reporter-output>
        </test-method> <!-- tearDown -->
        <test-method is-config="true" signature="setup()[pri:0, instance:com.cloudmiracle.qa.testcases.SignUpPageTestCases@63eef88a]" started-at="2022-06-14T17:44:50Z" name="setup" finished-at="2022-06-14T17:44:59Z" duration-ms="8832" status="PASS">
          <reporter-output>
          </reporter-output>
        </test-method> <!-- setup -->
        <test-method signature="verifyLoginText()[pri:6, instance:com.cloudmiracle.qa.testcases.SignUpPageTestCases@63eef88a]" started-at="2022-06-14T17:44:59Z" name="verifyLoginText" finished-at="2022-06-14T17:44:59Z" duration-ms="27" status="PASS">
          <reporter-output>
          </reporter-output>
        </test-method> <!-- verifyLoginText -->
        <test-method is-config="true" signature="tearDown()[pri:0, instance:com.cloudmiracle.qa.testcases.SignUpPageTestCases@63eef88a]" started-at="2022-06-14T17:44:59Z" name="tearDown" finished-at="2022-06-14T17:44:59Z" duration-ms="81" status="PASS">
          <reporter-output>
          </reporter-output>
        </test-method> <!-- tearDown -->
        <test-method is-config="true" signature="setup()[pri:0, instance:com.cloudmiracle.qa.testcases.SignUpPageTestCases@63eef88a]" started-at="2022-06-14T17:45:29Z" name="setup" finished-at="2022-06-14T17:45:38Z" duration-ms="8993" status="PASS">
          <reporter-output>
          </reporter-output>
        </test-method> <!-- setup -->
        <test-method signature="verifyRegisterFunctionality(java.lang.String, java.lang.String, java.lang.String, java.lang.String, java.lang.String)[pri:7, instance:com.cloudmiracle.qa.testcases.SignUpPageTestCases@63eef88a]" started-at="2022-06-14T17:45:38Z" name="verifyRegisterFunctionality" data-provider="getSignupTestData" finished-at="2022-06-14T17:45:40Z" duration-ms="2665" status="PASS">
          <params>
            <param index="0">
              <value>
                <![CDATA[abc]]>
              </value>
            </param>
            <param index="1">
              <value>
                <![CDATA[abc]]>
              </value>
            </param>
            <param index="2">
              <value>
                <![CDATA[abc]]>
              </value>
            </param>
            <param index="3">
              <value>
                <![CDATA[abc@test.com]]>
              </value>
            </param>
            <param index="4">
              <value>
                <![CDATA[9876543210]]>
              </value>
            </param>
          </params>
          <reporter-output>
          </reporter-output>
        </test-method> <!-- verifyRegisterFunctionality -->
        <test-method is-config="true" signature="tearDown()[pri:0, instance:com.cloudmiracle.qa.testcases.SignUpPageTestCases@63eef88a]" started-at="2022-06-14T17:45:40Z" name="tearDown" finished-at="2022-06-14T17:45:41Z" duration-ms="135" status="PASS">
          <reporter-output>
          </reporter-output>
        </test-method> <!-- tearDown -->
        <test-method is-config="true" signature="setup()[pri:0, instance:com.cloudmiracle.qa.testcases.SignUpPageTestCases@63eef88a]" started-at="2022-06-14T17:45:41Z" name="setup" finished-at="2022-06-14T17:45:50Z" duration-ms="9719" status="PASS">
          <reporter-output>
          </reporter-output>
        </test-method> <!-- setup -->
        <test-method signature="verifyRegisterFunctionality(java.lang.String, java.lang.String, java.lang.String, java.lang.String, java.lang.String)[pri:7, instance:com.cloudmiracle.qa.testcases.SignUpPageTestCases@63eef88a]" started-at="2022-06-14T17:45:50Z" name="verifyRegisterFunctionality" data-provider="getSignupTestData" finished-at="2022-06-14T17:45:53Z" duration-ms="2678" status="PASS">
          <params>
            <param index="0">
              <value>
                <![CDATA[pqr]]>
              </value>
            </param>
            <param index="1">
              <value>
                <![CDATA[pqr]]>
              </value>
            </param>
            <param index="2">
              <value>
                <![CDATA[pqr]]>
              </value>
            </param>
            <param index="3">
              <value>
                <![CDATA[pqr@test.com]]>
              </value>
            </param>
            <param index="4">
              <value>
                <![CDATA[9999999990]]>
              </value>
            </param>
          </params>
          <reporter-output>
          </reporter-output>
        </test-method> <!-- verifyRegisterFunctionality -->
        <test-method is-config="true" signature="tearDown()[pri:0, instance:com.cloudmiracle.qa.testcases.SignUpPageTestCases@63eef88a]" started-at="2022-06-14T17:45:53Z" name="tearDown" finished-at="2022-06-14T17:45:53Z" duration-ms="131" status="PASS">
          <reporter-output>
          </reporter-output>
        </test-method> <!-- tearDown -->
        <test-method is-config="true" signature="setup()[pri:0, instance:com.cloudmiracle.qa.testcases.SignUpPageTestCases@63eef88a]" started-at="2022-06-14T17:45:53Z" name="setup" finished-at="2022-06-14T17:46:02Z" duration-ms="9355" status="PASS">
          <reporter-output>
          </reporter-output>
        </test-method> <!-- setup -->
        <test-method signature="verifyRegisterFunctionality(java.lang.String, java.lang.String, java.lang.String, java.lang.String, java.lang.String)[pri:7, instance:com.cloudmiracle.qa.testcases.SignUpPageTestCases@63eef88a]" started-at="2022-06-14T17:46:02Z" name="verifyRegisterFunctionality" data-provider="getSignupTestData" finished-at="2022-06-14T17:46:04Z" duration-ms="1530" status="PASS">
          <params>
            <param index="0">
              <value>
                <![CDATA[mona]]>
              </value>
            </param>
            <param index="1">
              <value>
                <![CDATA[mp1]]>
              </value>
            </param>
            <param index="2">
              <value>
                <![CDATA[mp1]]>
              </value>
            </param>
            <param index="3">
              <value>
                <![CDATA[mp@gmail.com]]>
              </value>
            </param>
            <param index="4">
              <value>
                <![CDATA[9887665443]]>
              </value>
            </param>
          </params>
          <reporter-output>
          </reporter-output>
        </test-method> <!-- verifyRegisterFunctionality -->
        <test-method is-config="true" signature="tearDown()[pri:0, instance:com.cloudmiracle.qa.testcases.SignUpPageTestCases@63eef88a]" started-at="2022-06-14T17:46:04Z" name="tearDown" finished-at="2022-06-14T17:46:04Z" duration-ms="173" status="PASS">
          <reporter-output>
          </reporter-output>
        </test-method> <!-- tearDown -->
      </class> <!-- com.cloudmiracle.qa.testcases.SignUpPageTestCases -->
      <class name="com.cloudmiracle.qa.testcases.CompanyListPageTestcases">
        <test-method is-config="true" signature="setup()[pri:0, instance:com.cloudmiracle.qa.testcases.CompanyListPageTestcases@6853425f]" started-at="2022-06-14T17:42:06Z" name="setup" finished-at="2022-06-14T17:42:17Z" duration-ms="10641" status="PASS">
          <reporter-output>
          </reporter-output>
        </test-method> <!-- setup -->
        <test-method signature="verifyTimeLeftElement()[pri:1, instance:com.cloudmiracle.qa.testcases.CompanyListPageTestcases@6853425f]" started-at="2022-06-14T17:42:17Z" name="verifyTimeLeftElement" finished-at="2022-06-14T17:42:22Z" duration-ms="4587" status="PASS">
          <reporter-output>
          </reporter-output>
        </test-method> <!-- verifyTimeLeftElement -->
        <test-method is-config="true" signature="tearDown()[pri:0, instance:com.cloudmiracle.qa.testcases.CompanyListPageTestcases@6853425f]" started-at="2022-06-14T17:42:22Z" name="tearDown" finished-at="2022-06-14T17:42:22Z" duration-ms="134" status="PASS">
          <reporter-output>
          </reporter-output>
        </test-method> <!-- tearDown -->
        <test-method is-config="true" signature="setup()[pri:0, instance:com.cloudmiracle.qa.testcases.CompanyListPageTestcases@6853425f]" started-at="2022-06-14T17:42:38Z" name="setup" finished-at="2022-06-14T17:42:45Z" duration-ms="7219" status="PASS">
          <reporter-output>
          </reporter-output>
        </test-method> <!-- setup -->
        <test-method signature="verifyUserNameElement()[pri:2, instance:com.cloudmiracle.qa.testcases.CompanyListPageTestcases@6853425f]" started-at="2022-06-14T17:42:45Z" name="verifyUserNameElement" finished-at="2022-06-14T17:43:01Z" duration-ms="15219" status="PASS">
          <reporter-output>
          </reporter-output>
        </test-method> <!-- verifyUserNameElement -->
        <test-method is-config="true" signature="tearDown()[pri:0, instance:com.cloudmiracle.qa.testcases.CompanyListPageTestcases@6853425f]" started-at="2022-06-14T17:43:01Z" name="tearDown" finished-at="2022-06-14T17:43:01Z" duration-ms="138" status="PASS">
          <reporter-output>
          </reporter-output>
        </test-method> <!-- tearDown -->
        <test-method is-config="true" signature="setup()[pri:0, instance:com.cloudmiracle.qa.testcases.CompanyListPageTestcases@6853425f]" started-at="2022-06-14T17:43:17Z" name="setup" finished-at="2022-06-14T17:43:26Z" duration-ms="8674" status="PASS">
          <reporter-output>
          </reporter-output>
        </test-method> <!-- setup -->
        <test-method signature="verifyLogoutElement()[pri:3, instance:com.cloudmiracle.qa.testcases.CompanyListPageTestcases@6853425f]" started-at="2022-06-14T17:43:26Z" name="verifyLogoutElement" finished-at="2022-06-14T17:43:30Z" duration-ms="4084" status="PASS">
          <reporter-output>
          </reporter-output>
        </test-method> <!-- verifyLogoutElement -->
        <test-method is-config="true" signature="tearDown()[pri:0, instance:com.cloudmiracle.qa.testcases.CompanyListPageTestcases@6853425f]" started-at="2022-06-14T17:43:30Z" name="tearDown" finished-at="2022-06-14T17:43:30Z" duration-ms="145" status="PASS">
          <reporter-output>
          </reporter-output>
        </test-method> <!-- tearDown -->
        <test-method is-config="true" signature="setup()[pri:0, instance:com.cloudmiracle.qa.testcases.CompanyListPageTestcases@6853425f]" started-at="2022-06-14T17:43:47Z" name="setup" finished-at="2022-06-14T17:43:55Z" duration-ms="7597" status="PASS">
          <reporter-output>
          </reporter-output>
        </test-method> <!-- setup -->
        <test-method signature="verifyCmpListPageCaption()[pri:4, instance:com.cloudmiracle.qa.testcases.CompanyListPageTestcases@6853425f]" started-at="2022-06-14T17:43:55Z" name="verifyCmpListPageCaption" finished-at="2022-06-14T17:44:10Z" duration-ms="15187" status="PASS">
          <reporter-output>
          </reporter-output>
        </test-method> <!-- verifyCmpListPageCaption -->
        <test-method is-config="true" signature="tearDown()[pri:0, instance:com.cloudmiracle.qa.testcases.CompanyListPageTestcases@6853425f]" started-at="2022-06-14T17:44:10Z" name="tearDown" finished-at="2022-06-14T17:44:10Z" duration-ms="102" status="PASS">
          <reporter-output>
          </reporter-output>
        </test-method> <!-- tearDown -->
        <test-method is-config="true" signature="setup()[pri:0, instance:com.cloudmiracle.qa.testcases.CompanyListPageTestcases@6853425f]" started-at="2022-06-14T17:44:26Z" name="setup" finished-at="2022-06-14T17:44:35Z" duration-ms="8429" status="PASS">
          <reporter-output>
          </reporter-output>
        </test-method> <!-- setup -->
        <test-method signature="verifySearchElement()[pri:5, instance:com.cloudmiracle.qa.testcases.CompanyListPageTestcases@6853425f]" started-at="2022-06-14T17:44:35Z" name="verifySearchElement" finished-at="2022-06-14T17:44:50Z" duration-ms="15537" status="PASS">
          <reporter-output>
          </reporter-output>
        </test-method> <!-- verifySearchElement -->
        <test-method is-config="true" signature="tearDown()[pri:0, instance:com.cloudmiracle.qa.testcases.CompanyListPageTestcases@6853425f]" started-at="2022-06-14T17:44:50Z" name="tearDown" finished-at="2022-06-14T17:44:50Z" duration-ms="90" status="PASS">
          <reporter-output>
          </reporter-output>
        </test-method> <!-- tearDown -->
        <test-method is-config="true" signature="setup()[pri:0, instance:com.cloudmiracle.qa.testcases.CompanyListPageTestcases@6853425f]" started-at="2022-06-14T17:45:06Z" name="setup" finished-at="2022-06-14T17:45:13Z" duration-ms="7733" status="PASS">
          <reporter-output>
          </reporter-output>
        </test-method> <!-- setup -->
        <test-method signature="verifyCmpListTableHeader()[pri:6, instance:com.cloudmiracle.qa.testcases.CompanyListPageTestcases@6853425f]" started-at="2022-06-14T17:45:13Z" name="verifyCmpListTableHeader" finished-at="2022-06-14T17:45:28Z" duration-ms="14548" status="PASS">
          <reporter-output>
          </reporter-output>
        </test-method> <!-- verifyCmpListTableHeader -->
        <test-method is-config="true" signature="tearDown()[pri:0, instance:com.cloudmiracle.qa.testcases.CompanyListPageTestcases@6853425f]" started-at="2022-06-14T17:45:28Z" name="tearDown" finished-at="2022-06-14T17:45:28Z" duration-ms="146" status="PASS">
          <reporter-output>
          </reporter-output>
        </test-method> <!-- tearDown -->
        <test-method is-config="true" signature="setup()[pri:0, instance:com.cloudmiracle.qa.testcases.CompanyListPageTestcases@6853425f]" started-at="2022-06-14T17:46:11Z" name="setup" finished-at="2022-06-14T17:46:17Z" duration-ms="6899" status="PASS">
          <reporter-output>
          </reporter-output>
        </test-method> <!-- setup -->
        <test-method signature="verifyCmpListTableContent()[pri:7, instance:com.cloudmiracle.qa.testcases.CompanyListPageTestcases@6853425f]" started-at="2022-06-14T17:46:17Z" name="verifyCmpListTableContent" finished-at="2022-06-14T17:46:33Z" duration-ms="15089" status="PASS">
          <reporter-output>
          </reporter-output>
        </test-method> <!-- verifyCmpListTableContent -->
        <test-method is-config="true" signature="tearDown()[pri:0, instance:com.cloudmiracle.qa.testcases.CompanyListPageTestcases@6853425f]" started-at="2022-06-14T17:46:33Z" name="tearDown" finished-at="2022-06-14T17:46:33Z" duration-ms="94" status="PASS">
          <reporter-output>
          </reporter-output>
        </test-method> <!-- tearDown -->
        <test-method is-config="true" signature="setup()[pri:0, instance:com.cloudmiracle.qa.testcases.CompanyListPageTestcases@6853425f]" started-at="2022-06-14T17:46:42Z" name="setup" finished-at="2022-06-14T17:46:49Z" duration-ms="7373" status="PASS">
          <reporter-output>
          </reporter-output>
        </test-method> <!-- setup -->
        <test-method signature="verifyCmpListPageSizeElement()[pri:8, instance:com.cloudmiracle.qa.testcases.CompanyListPageTestcases@6853425f]" started-at="2022-06-14T17:46:49Z" name="verifyCmpListPageSizeElement" finished-at="2022-06-14T17:47:05Z" duration-ms="16214" status="PASS">
          <reporter-output>
          </reporter-output>
        </test-method> <!-- verifyCmpListPageSizeElement -->
        <test-method is-config="true" signature="tearDown()[pri:0, instance:com.cloudmiracle.qa.testcases.CompanyListPageTestcases@6853425f]" started-at="2022-06-14T17:47:05Z" name="tearDown" finished-at="2022-06-14T17:47:05Z" duration-ms="83" status="PASS">
          <reporter-output>
          </reporter-output>
        </test-method> <!-- tearDown -->
        <test-method is-config="true" signature="setup()[pri:0, instance:com.cloudmiracle.qa.testcases.CompanyListPageTestcases@6853425f]" started-at="2022-06-14T17:47:11Z" name="setup" finished-at="2022-06-14T17:47:19Z" duration-ms="7692" status="PASS">
          <reporter-output>
          </reporter-output>
        </test-method> <!-- setup -->
        <test-method signature="verifyCmpListTotalPages()[pri:9, instance:com.cloudmiracle.qa.testcases.CompanyListPageTestcases@6853425f]" started-at="2022-06-14T17:47:19Z" name="verifyCmpListTotalPages" finished-at="2022-06-14T17:47:38Z" duration-ms="18555" status="PASS">
          <reporter-output>
          </reporter-output>
        </test-method> <!-- verifyCmpListTotalPages -->
        <test-method is-config="true" signature="tearDown()[pri:0, instance:com.cloudmiracle.qa.testcases.CompanyListPageTestcases@6853425f]" started-at="2022-06-14T17:47:38Z" name="tearDown" finished-at="2022-06-14T17:47:38Z" duration-ms="84" status="PASS">
          <reporter-output>
          </reporter-output>
        </test-method> <!-- tearDown -->
        <test-method is-config="true" signature="setup()[pri:0, instance:com.cloudmiracle.qa.testcases.CompanyListPageTestcases@6853425f]" started-at="2022-06-14T17:47:44Z" name="setup" finished-at="2022-06-14T17:47:52Z" duration-ms="8293" status="PASS">
          <reporter-output>
          </reporter-output>
        </test-method> <!-- setup -->
        <test-method signature="verifyCmpListAllButtonsElement()[pri:10, instance:com.cloudmiracle.qa.testcases.CompanyListPageTestcases@6853425f]" started-at="2022-06-14T17:47:52Z" name="verifyCmpListAllButtonsElement" finished-at="2022-06-14T17:48:07Z" duration-ms="15049" status="PASS">
          <reporter-output>
          </reporter-output>
        </test-method> <!-- verifyCmpListAllButtonsElement -->
        <test-method is-config="true" signature="tearDown()[pri:0, instance:com.cloudmiracle.qa.testcases.CompanyListPageTestcases@6853425f]" started-at="2022-06-14T17:48:07Z" name="tearDown" finished-at="2022-06-14T17:48:07Z" duration-ms="82" status="PASS">
          <reporter-output>
          </reporter-output>
        </test-method> <!-- tearDown -->
        <test-method is-config="true" signature="setup()[pri:0, instance:com.cloudmiracle.qa.testcases.CompanyListPageTestcases@6853425f]" started-at="2022-06-14T17:48:16Z" name="setup" finished-at="2022-06-14T17:48:24Z" duration-ms="8635" status="PASS">
          <reporter-output>
          </reporter-output>
        </test-method> <!-- setup -->
        <test-method signature="verifyAddBtnFunctionality()[pri:11, instance:com.cloudmiracle.qa.testcases.CompanyListPageTestcases@6853425f]" started-at="2022-06-14T17:48:24Z" name="verifyAddBtnFunctionality" finished-at="2022-06-14T17:48:41Z" duration-ms="16112" status="FAIL">
          <exception class="org.openqa.selenium.ElementClickInterceptedException">
            <message>
              <![CDATA[element click intercepted: Element <span class="dx-button-text">...</span> is not clickable at point (104, 627). Other element would receive the click: <div class="preloader flex-column justify-content-center align-items-center" style="height: 0px;">...</div>
  (Session info: chrome=102.0.5005.115)
Build info: version: '3.14.0', revision: 'aacccce0', time: '2018-08-02T20:19:58.91Z'
System info: host: 'MonaMac', ip: 'fe80:0:0:0:1c9e:8bfa:3b9f:9c0%en0', os.name: 'Mac OS X', os.arch: 'x86_64', os.version: '10.12.4', java.version: '15.0.2'
Driver info: org.openqa.selenium.chrome.ChromeDriver
Capabilities {acceptInsecureCerts: false, browserName: chrome, browserVersion: 102.0.5005.115, chrome: {chromedriverVersion: 102.0.5005.61 (0e59bcc00cc4..., userDataDir: /var/folders/nc/n48rv_690fx...}, goog:chromeOptions: {debuggerAddress: localhost:55463}, javascriptEnabled: true, networkConnectionEnabled: false, pageLoadStrategy: normal, platform: MAC, platformName: MAC, proxy: Proxy(), setWindowRect: true, strictFileInteractability: false, timeouts: {implicit: 0, pageLoad: 300000, script: 30000}, unhandledPromptBehavior: dismiss and notify, webauthn:extension:credBlob: true, webauthn:extension:largeBlob: true, webauthn:virtualAuthenticators: true}
Session ID: 5f586995b1367fe8b270e53ef8d10f5c]]>
            </message>
            <full-stacktrace>
              <![CDATA[org.openqa.selenium.ElementClickInterceptedException: element click intercepted: Element <span class="dx-button-text">...</span> is not clickable at point (104, 627). Other element would receive the click: <div class="preloader flex-column justify-content-center align-items-center" style="height: 0px;">...</div>
  (Session info: chrome=102.0.5005.115)
Build info: version: '3.14.0', revision: 'aacccce0', time: '2018-08-02T20:19:58.91Z'
System info: host: 'MonaMac', ip: 'fe80:0:0:0:1c9e:8bfa:3b9f:9c0%en0', os.name: 'Mac OS X', os.arch: 'x86_64', os.version: '10.12.4', java.version: '15.0.2'
Driver info: org.openqa.selenium.chrome.ChromeDriver
Capabilities {acceptInsecureCerts: false, browserName: chrome, browserVersion: 102.0.5005.115, chrome: {chromedriverVersion: 102.0.5005.61 (0e59bcc00cc4..., userDataDir: /var/folders/nc/n48rv_690fx...}, goog:chromeOptions: {debuggerAddress: localhost:55463}, javascriptEnabled: true, networkConnectionEnabled: false, pageLoadStrategy: normal, platform: MAC, platformName: MAC, proxy: Proxy(), setWindowRect: true, strictFileInteractability: false, timeouts: {implicit: 0, pageLoad: 300000, script: 30000}, unhandledPromptBehavior: dismiss and notify, webauthn:extension:credBlob: true, webauthn:extension:largeBlob: true, webauthn:virtualAuthenticators: true}
Session ID: 5f586995b1367fe8b270e53ef8d10f5c
	at java.base/jdk.internal.reflect.NativeConstructorAccessorImpl.newInstance0(Native Method)
	at java.base/jdk.internal.reflect.NativeConstructorAccessorImpl.newInstance(NativeConstructorAccessorImpl.java:64)
	at java.base/jdk.internal.reflect.DelegatingConstructorAccessorImpl.newInstance(DelegatingConstructorAccessorImpl.java:45)
	at java.base/java.lang.reflect.Constructor.newInstanceWithCaller(Constructor.java:500)
	at java.base/java.lang.reflect.Constructor.newInstance(Constructor.java:481)
	at org.openqa.selenium.remote.http.W3CHttpResponseCodec.createException(W3CHttpResponseCodec.java:187)
	at org.openqa.selenium.remote.http.W3CHttpResponseCodec.decode(W3CHttpResponseCodec.java:122)
	at org.openqa.selenium.remote.http.W3CHttpResponseCodec.decode(W3CHttpResponseCodec.java:49)
	at org.openqa.selenium.remote.HttpCommandExecutor.execute(HttpCommandExecutor.java:158)
	at org.openqa.selenium.remote.service.DriverCommandExecutor.execute(DriverCommandExecutor.java:83)
	at org.openqa.selenium.remote.RemoteWebDriver.execute(RemoteWebDriver.java:548)
	at org.openqa.selenium.remote.RemoteWebElement.execute(RemoteWebElement.java:276)
	at org.openqa.selenium.remote.RemoteWebElement.click(RemoteWebElement.java:83)
	at com.cloudmiracle.qa.utility.TestUtil.getElement(TestUtil.java:82)
	at com.cloudmiracle.qa.pages.CompanyListPage.validateAddBtnFunctionality(CompanyListPage.java:139)
	at com.cloudmiracle.qa.testcases.CompanyListPageTestcases.verifyAddBtnFunctionality(CompanyListPageTestcases.java:94)
	at java.base/jdk.internal.reflect.NativeMethodAccessorImpl.invoke0(Native Method)
	at java.base/jdk.internal.reflect.NativeMethodAccessorImpl.invoke(NativeMethodAccessorImpl.java:64)
	at java.base/jdk.internal.reflect.DelegatingMethodAccessorImpl.invoke(DelegatingMethodAccessorImpl.java:43)
	at java.base/java.lang.reflect.Method.invoke(Method.java:564)
	at org.testng.internal.MethodInvocationHelper.invokeMethod(MethodInvocationHelper.java:108)
	at org.testng.internal.Invoker.invokeMethod(Invoker.java:661)
	at org.testng.internal.Invoker.invokeTestMethod(Invoker.java:869)
	at org.testng.internal.Invoker.invokeTestMethods(Invoker.java:1193)
	at org.testng.internal.TestMethodWorker.invokeTestMethods(TestMethodWorker.java:126)
	at org.testng.internal.TestMethodWorker.run(TestMethodWorker.java:109)
	at org.testng.TestRunner.privateRun(TestRunner.java:744)
	at org.testng.TestRunner.run(TestRunner.java:602)
	at org.testng.SuiteRunner.runTest(SuiteRunner.java:380)
	at org.testng.SuiteRunner.runSequentially(SuiteRunner.java:375)
	at org.testng.SuiteRunner.privateRun(SuiteRunner.java:340)
	at org.testng.SuiteRunner.run(SuiteRunner.java:289)
	at org.testng.SuiteRunnerWorker.runSuite(SuiteRunnerWorker.java:52)
	at org.testng.SuiteRunnerWorker.run(SuiteRunnerWorker.java:86)
	at org.testng.TestNG.runSuitesSequentially(TestNG.java:1301)
	at org.testng.TestNG.runSuitesLocally(TestNG.java:1226)
	at org.testng.TestNG.runSuites(TestNG.java:1144)
	at org.testng.TestNG.run(TestNG.java:1115)
	at org.testng.remote.AbstractRemoteTestNG.run(AbstractRemoteTestNG.java:115)
	at org.testng.remote.RemoteTestNG.initAndRun(RemoteTestNG.java:251)
	at org.testng.remote.RemoteTestNG.main(RemoteTestNG.java:77)
]]>
            </full-stacktrace>
          </exception> <!-- org.openqa.selenium.ElementClickInterceptedException -->
          <reporter-output>
          </reporter-output>
        </test-method> <!-- verifyAddBtnFunctionality -->
        <test-method is-config="true" signature="tearDown()[pri:0, instance:com.cloudmiracle.qa.testcases.CompanyListPageTestcases@6853425f]" started-at="2022-06-14T17:48:41Z" name="tearDown" finished-at="2022-06-14T17:48:41Z" duration-ms="84" status="PASS">
          <reporter-output>
          </reporter-output>
        </test-method> <!-- tearDown -->
        <test-method is-config="true" signature="setup()[pri:0, instance:com.cloudmiracle.qa.testcases.CompanyListPageTestcases@6853425f]" started-at="2022-06-14T17:48:57Z" name="setup" finished-at="2022-06-14T17:49:05Z" duration-ms="7426" status="PASS">
          <reporter-output>
          </reporter-output>
        </test-method> <!-- setup -->
        <test-method signature="verifyEditBtnFunctionality()[pri:12, instance:com.cloudmiracle.qa.testcases.CompanyListPageTestcases@6853425f]" started-at="2022-06-14T17:49:05Z" name="verifyEditBtnFunctionality" finished-at="2022-06-14T17:49:22Z" duration-ms="16673" status="PASS">
          <reporter-output>
          </reporter-output>
        </test-method> <!-- verifyEditBtnFunctionality -->
        <test-method is-config="true" signature="tearDown()[pri:0, instance:com.cloudmiracle.qa.testcases.CompanyListPageTestcases@6853425f]" started-at="2022-06-14T17:49:22Z" name="tearDown" finished-at="2022-06-14T17:49:22Z" duration-ms="80" status="PASS">
          <reporter-output>
          </reporter-output>
        </test-method> <!-- tearDown -->
        <test-method is-config="true" signature="setup()[pri:0, instance:com.cloudmiracle.qa.testcases.CompanyListPageTestcases@6853425f]" started-at="2022-06-14T17:49:22Z" name="setup" finished-at="2022-06-14T17:49:29Z" duration-ms="7114" status="PASS">
          <reporter-output>
          </reporter-output>
        </test-method> <!-- setup -->
        <test-method signature="verifyDeleteBtnFunctionality()[pri:13, instance:com.cloudmiracle.qa.testcases.CompanyListPageTestcases@6853425f]" started-at="2022-06-14T17:49:29Z" name="verifyDeleteBtnFunctionality" finished-at="2022-06-14T17:49:44Z" duration-ms="15100" status="PASS">
          <reporter-output>
          </reporter-output>
        </test-method> <!-- verifyDeleteBtnFunctionality -->
        <test-method is-config="true" signature="tearDown()[pri:0, instance:com.cloudmiracle.qa.testcases.CompanyListPageTestcases@6853425f]" started-at="2022-06-14T17:49:44Z" name="tearDown" finished-at="2022-06-14T17:49:44Z" duration-ms="153" status="PASS">
          <reporter-output>
          </reporter-output>
        </test-method> <!-- tearDown -->
        <test-method is-config="true" signature="setup()[pri:0, instance:com.cloudmiracle.qa.testcases.CompanyListPageTestcases@6853425f]" started-at="2022-06-14T17:49:44Z" name="setup" finished-at="2022-06-14T17:49:51Z" duration-ms="7136" status="PASS">
          <reporter-output>
          </reporter-output>
        </test-method> <!-- setup -->
        <test-method signature="verifyCmpDetailsAllTabElements()[pri:14, instance:com.cloudmiracle.qa.testcases.CompanyListPageTestcases@6853425f]" started-at="2022-06-14T17:49:51Z" name="verifyCmpDetailsAllTabElements" finished-at="2022-06-14T17:50:08Z" duration-ms="16439" status="PASS">
          <reporter-output>
          </reporter-output>
        </test-method> <!-- verifyCmpDetailsAllTabElements -->
        <test-method is-config="true" signature="tearDown()[pri:0, instance:com.cloudmiracle.qa.testcases.CompanyListPageTestcases@6853425f]" started-at="2022-06-14T17:50:08Z" name="tearDown" finished-at="2022-06-14T17:50:08Z" duration-ms="170" status="PASS">
          <reporter-output>
          </reporter-output>
        </test-method> <!-- tearDown -->
        <test-method is-config="true" signature="setup()[pri:0, instance:com.cloudmiracle.qa.testcases.CompanyListPageTestcases@6853425f]" started-at="2022-06-14T17:50:08Z" name="setup" finished-at="2022-06-14T17:50:15Z" duration-ms="7479" status="PASS">
          <reporter-output>
          </reporter-output>
        </test-method> <!-- setup -->
        <test-method signature="verifyCmpDetailsLegendsElements()[pri:15, instance:com.cloudmiracle.qa.testcases.CompanyListPageTestcases@6853425f]" started-at="2022-06-14T17:50:15Z" name="verifyCmpDetailsLegendsElements" finished-at="2022-06-14T17:50:32Z" duration-ms="17042" status="PASS">
          <reporter-output>
          </reporter-output>
        </test-method> <!-- verifyCmpDetailsLegendsElements -->
        <test-method is-config="true" signature="tearDown()[pri:0, instance:com.cloudmiracle.qa.testcases.CompanyListPageTestcases@6853425f]" started-at="2022-06-14T17:50:32Z" name="tearDown" finished-at="2022-06-14T17:50:32Z" duration-ms="143" status="PASS">
          <reporter-output>
          </reporter-output>
        </test-method> <!-- tearDown -->
        <test-method is-config="true" signature="setup()[pri:0, instance:com.cloudmiracle.qa.testcases.CompanyListPageTestcases@6853425f]" started-at="2022-06-14T17:50:32Z" name="setup" finished-at="2022-06-14T17:50:39Z" duration-ms="6995" status="PASS">
          <reporter-output>
          </reporter-output>
        </test-method> <!-- setup -->
        <test-method signature="verifyCmpDetailsAllButtonsElements()[pri:16, instance:com.cloudmiracle.qa.testcases.CompanyListPageTestcases@6853425f]" started-at="2022-06-14T17:50:39Z" name="verifyCmpDetailsAllButtonsElements" finished-at="2022-06-14T17:50:56Z" duration-ms="16312" status="PASS">
          <reporter-output>
          </reporter-output>
        </test-method> <!-- verifyCmpDetailsAllButtonsElements -->
        <test-method is-config="true" signature="tearDown()[pri:0, instance:com.cloudmiracle.qa.testcases.CompanyListPageTestcases@6853425f]" started-at="2022-06-14T17:50:56Z" name="tearDown" finished-at="2022-06-14T17:50:56Z" duration-ms="93" status="PASS">
          <reporter-output>
          </reporter-output>
        </test-method> <!-- tearDown -->
        <test-method is-config="true" signature="setup()[pri:0, instance:com.cloudmiracle.qa.testcases.CompanyListPageTestcases@6853425f]" started-at="2022-06-14T17:50:56Z" name="setup" finished-at="2022-06-14T17:51:03Z" duration-ms="7620" status="PASS">
          <reporter-output>
          </reporter-output>
        </test-method> <!-- setup -->
        <test-method signature="verifyCloseBtnElement()[pri:17, instance:com.cloudmiracle.qa.testcases.CompanyListPageTestcases@6853425f]" started-at="2022-06-14T17:51:03Z" name="verifyCloseBtnElement" finished-at="2022-06-14T17:51:20Z" duration-ms="16445" status="PASS">
          <reporter-output>
          </reporter-output>
        </test-method> <!-- verifyCloseBtnElement -->
        <test-method is-config="true" signature="tearDown()[pri:0, instance:com.cloudmiracle.qa.testcases.CompanyListPageTestcases@6853425f]" started-at="2022-06-14T17:51:20Z" name="tearDown" finished-at="2022-06-14T17:51:20Z" duration-ms="155" status="PASS">
          <reporter-output>
          </reporter-output>
        </test-method> <!-- tearDown -->
        <test-method is-config="true" signature="setup()[pri:0, instance:com.cloudmiracle.qa.testcases.CompanyListPageTestcases@6853425f]" started-at="2022-06-14T17:51:20Z" name="setup" finished-at="2022-06-14T17:51:27Z" duration-ms="7308" status="PASS">
          <reporter-output>
          </reporter-output>
        </test-method> <!-- setup -->
        <test-method signature="verifytoAddNewCompanyDetailsFunctionality(java.lang.String, java.lang.String, java.lang.String, java.lang.String, java.lang.String)[pri:18, instance:com.cloudmiracle.qa.testcases.CompanyListPageTestcases@6853425f]" started-at="2022-06-14T17:51:27Z" name="verifytoAddNewCompanyDetailsFunctionality" data-provider="getAddNewCompanyDetails" finished-at="2022-06-14T17:51:44Z" duration-ms="16740" status="PASS">
          <params>
            <param index="0">
              <value>
                <![CDATA[3]]>
              </value>
            </param>
            <param index="1">
              <value>
                <![CDATA[TestCmp1]]>
              </value>
            </param>
            <param index="2">
              <value>
                <![CDATA[TC1]]>
              </value>
            </param>
            <param index="3">
              <value>
                <![CDATA[TCRH1]]>
              </value>
            </param>
            <param index="4">
              <value>
                <![CDATA[TCRH12]]>
              </value>
            </param>
          </params>
          <reporter-output>
          </reporter-output>
        </test-method> <!-- verifytoAddNewCompanyDetailsFunctionality -->
        <test-method is-config="true" signature="tearDown()[pri:0, instance:com.cloudmiracle.qa.testcases.CompanyListPageTestcases@6853425f]" started-at="2022-06-14T17:51:44Z" name="tearDown" finished-at="2022-06-14T17:51:44Z" duration-ms="201" status="PASS">
          <reporter-output>
          </reporter-output>
        </test-method> <!-- tearDown -->
        <test-method is-config="true" signature="setup()[pri:0, instance:com.cloudmiracle.qa.testcases.CompanyListPageTestcases@6853425f]" started-at="2022-06-14T17:51:44Z" name="setup" finished-at="2022-06-14T17:51:51Z" duration-ms="6948" status="PASS">
          <reporter-output>
          </reporter-output>
        </test-method> <!-- setup -->
        <test-method signature="verifytoAddNewCompanyDetailsFunctionality(java.lang.String, java.lang.String, java.lang.String, java.lang.String, java.lang.String)[pri:18, instance:com.cloudmiracle.qa.testcases.CompanyListPageTestcases@6853425f]" started-at="2022-06-14T17:51:51Z" name="verifytoAddNewCompanyDetailsFunctionality" data-provider="getAddNewCompanyDetails" finished-at="2022-06-14T17:52:09Z" duration-ms="17530" status="PASS">
          <params>
            <param index="0">
              <value>
                <![CDATA[4]]>
              </value>
            </param>
            <param index="1">
              <value>
                <![CDATA[TestCmp2]]>
              </value>
            </param>
            <param index="2">
              <value>
                <![CDATA[TC2]]>
              </value>
            </param>
            <param index="3">
              <value>
                <![CDATA[TCRH2]]>
              </value>
            </param>
            <param index="4">
              <value>
                <![CDATA[TCRH22]]>
              </value>
            </param>
          </params>
          <reporter-output>
          </reporter-output>
        </test-method> <!-- verifytoAddNewCompanyDetailsFunctionality -->
        <test-method is-config="true" signature="tearDown()[pri:0, instance:com.cloudmiracle.qa.testcases.CompanyListPageTestcases@6853425f]" started-at="2022-06-14T17:52:09Z" name="tearDown" finished-at="2022-06-14T17:52:09Z" duration-ms="160" status="PASS">
          <reporter-output>
          </reporter-output>
        </test-method> <!-- tearDown -->
        <test-method is-config="true" signature="setup()[pri:0, instance:com.cloudmiracle.qa.testcases.CompanyListPageTestcases@6853425f]" started-at="2022-06-14T17:52:09Z" name="setup" finished-at="2022-06-14T17:52:16Z" duration-ms="7090" status="PASS">
          <reporter-output>
          </reporter-output>
        </test-method> <!-- setup -->
        <test-method signature="verifyLogoutFunctionality()[pri:19, instance:com.cloudmiracle.qa.testcases.CompanyListPageTestcases@6853425f]" started-at="2022-06-14T17:52:16Z" name="verifyLogoutFunctionality" finished-at="2022-06-14T17:52:20Z" duration-ms="4038" status="PASS">
          <reporter-output>
          </reporter-output>
        </test-method> <!-- verifyLogoutFunctionality -->
        <test-method is-config="true" signature="tearDown()[pri:0, instance:com.cloudmiracle.qa.testcases.CompanyListPageTestcases@6853425f]" started-at="2022-06-14T17:52:20Z" name="tearDown" finished-at="2022-06-14T17:52:20Z" duration-ms="192" status="PASS">
          <reporter-output>
          </reporter-output>
        </test-method> <!-- tearDown -->
      </class> <!-- com.cloudmiracle.qa.testcases.CompanyListPageTestcases -->
      <class name="com.cloudmiracle.qa.testcases.LoginPageTestcases">
        <test-method is-config="true" signature="setup()[pri:0, instance:com.cloudmiracle.qa.testcases.LoginPageTestcases@53251a66]" started-at="2022-06-14T17:42:00Z" name="setup" finished-at="2022-06-14T17:42:06Z" duration-ms="6447" status="PASS">
          <reporter-output>
          </reporter-output>
        </test-method> <!-- setup -->
        <test-method signature="verifyLoginPageTitle()[pri:1, instance:com.cloudmiracle.qa.testcases.LoginPageTestcases@53251a66]" started-at="2022-06-14T17:42:06Z" name="verifyLoginPageTitle" finished-at="2022-06-14T17:42:06Z" duration-ms="15" status="PASS">
          <reporter-output>
          </reporter-output>
        </test-method> <!-- verifyLoginPageTitle -->
        <test-method is-config="true" signature="tearDown()[pri:0, instance:com.cloudmiracle.qa.testcases.LoginPageTestcases@53251a66]" started-at="2022-06-14T17:42:06Z" name="tearDown" finished-at="2022-06-14T17:42:06Z" duration-ms="137" status="PASS">
          <reporter-output>
          </reporter-output>
        </test-method> <!-- tearDown -->
        <test-method is-config="true" signature="setup()[pri:0, instance:com.cloudmiracle.qa.testcases.LoginPageTestcases@53251a66]" started-at="2022-06-14T17:42:31Z" name="setup" finished-at="2022-06-14T17:42:38Z" duration-ms="6483" status="PASS">
          <reporter-output>
          </reporter-output>
        </test-method> <!-- setup -->
        <test-method signature="verifyCmpLogoImg()[pri:2, instance:com.cloudmiracle.qa.testcases.LoginPageTestcases@53251a66]" started-at="2022-06-14T17:42:38Z" name="verifyCmpLogoImg" finished-at="2022-06-14T17:42:38Z" duration-ms="41" status="PASS">
          <reporter-output>
          </reporter-output>
        </test-method> <!-- verifyCmpLogoImg -->
        <test-method is-config="true" signature="tearDown()[pri:0, instance:com.cloudmiracle.qa.testcases.LoginPageTestcases@53251a66]" started-at="2022-06-14T17:42:38Z" name="tearDown" finished-at="2022-06-14T17:42:38Z" duration-ms="85" status="PASS">
          <reporter-output>
          </reporter-output>
        </test-method> <!-- tearDown -->
        <test-method is-config="true" signature="setup()[pri:0, instance:com.cloudmiracle.qa.testcases.LoginPageTestcases@53251a66]" started-at="2022-06-14T17:43:11Z" name="setup" finished-at="2022-06-14T17:43:17Z" duration-ms="6458" status="PASS">
          <reporter-output>
          </reporter-output>
        </test-method> <!-- setup -->
        <test-method signature="verifyBackgroundImg()[pri:3, instance:com.cloudmiracle.qa.testcases.LoginPageTestcases@53251a66]" started-at="2022-06-14T17:43:17Z" name="verifyBackgroundImg" finished-at="2022-06-14T17:43:17Z" duration-ms="55" status="PASS">
          <reporter-output>
          </reporter-output>
        </test-method> <!-- verifyBackgroundImg -->
        <test-method is-config="true" signature="tearDown()[pri:0, instance:com.cloudmiracle.qa.testcases.LoginPageTestcases@53251a66]" started-at="2022-06-14T17:43:17Z" name="tearDown" finished-at="2022-06-14T17:43:17Z" duration-ms="87" status="PASS">
          <reporter-output>
          </reporter-output>
        </test-method> <!-- tearDown -->
        <test-method is-config="true" signature="setup()[pri:0, instance:com.cloudmiracle.qa.testcases.LoginPageTestcases@53251a66]" started-at="2022-06-14T17:43:40Z" name="setup" finished-at="2022-06-14T17:43:47Z" duration-ms="7165" status="PASS">
          <reporter-output>
          </reporter-output>
        </test-method> <!-- setup -->
        <test-method signature="verifyLoginPageCaption()[pri:4, instance:com.cloudmiracle.qa.testcases.LoginPageTestcases@53251a66]" started-at="2022-06-14T17:43:47Z" name="verifyLoginPageCaption" finished-at="2022-06-14T17:43:47Z" duration-ms="49" status="PASS">
          <reporter-output>
          </reporter-output>
        </test-method> <!-- verifyLoginPageCaption -->
        <test-method is-config="true" signature="tearDown()[pri:0, instance:com.cloudmiracle.qa.testcases.LoginPageTestcases@53251a66]" started-at="2022-06-14T17:43:47Z" name="tearDown" finished-at="2022-06-14T17:43:47Z" duration-ms="88" status="PASS">
          <reporter-output>
          </reporter-output>
        </test-method> <!-- tearDown -->
        <test-method is-config="true" signature="setup()[pri:0, instance:com.cloudmiracle.qa.testcases.LoginPageTestcases@53251a66]" started-at="2022-06-14T17:44:20Z" name="setup" finished-at="2022-06-14T17:44:26Z" duration-ms="6063" status="PASS">
          <reporter-output>
          </reporter-output>
        </test-method> <!-- setup -->
        <test-method signature="verifySignUpLink()[pri:5, instance:com.cloudmiracle.qa.testcases.LoginPageTestcases@53251a66]" started-at="2022-06-14T17:44:26Z" name="verifySignUpLink" finished-at="2022-06-14T17:44:26Z" duration-ms="41" status="PASS">
          <reporter-output>
          </reporter-output>
        </test-method> <!-- verifySignUpLink -->
        <test-method is-config="true" signature="tearDown()[pri:0, instance:com.cloudmiracle.qa.testcases.LoginPageTestcases@53251a66]" started-at="2022-06-14T17:44:26Z" name="tearDown" finished-at="2022-06-14T17:44:26Z" duration-ms="80" status="PASS">
          <reporter-output>
          </reporter-output>
        </test-method> <!-- tearDown -->
        <test-method is-config="true" signature="setup()[pri:0, instance:com.cloudmiracle.qa.testcases.LoginPageTestcases@53251a66]" started-at="2022-06-14T17:44:59Z" name="setup" finished-at="2022-06-14T17:45:06Z" duration-ms="6152" status="PASS">
          <reporter-output>
          </reporter-output>
        </test-method> <!-- setup -->
        <test-method signature="verifySignUpLinkEnable()[pri:6, instance:com.cloudmiracle.qa.testcases.LoginPageTestcases@53251a66]" started-at="2022-06-14T17:45:06Z" name="verifySignUpLinkEnable" finished-at="2022-06-14T17:45:06Z" duration-ms="28" status="PASS">
          <reporter-output>
          </reporter-output>
        </test-method> <!-- verifySignUpLinkEnable -->
        <test-method is-config="true" signature="tearDown()[pri:0, instance:com.cloudmiracle.qa.testcases.LoginPageTestcases@53251a66]" started-at="2022-06-14T17:45:06Z" name="tearDown" finished-at="2022-06-14T17:45:06Z" duration-ms="77" status="PASS">
          <reporter-output>
          </reporter-output>
        </test-method> <!-- tearDown -->
        <test-method is-config="true" signature="setup()[pri:0, instance:com.cloudmiracle.qa.testcases.LoginPageTestcases@53251a66]" started-at="2022-06-14T17:46:04Z" name="setup" finished-at="2022-06-14T17:46:10Z" duration-ms="6201" status="PASS">
          <reporter-output>
          </reporter-output>
        </test-method> <!-- setup -->
        <test-method signature="verifySignUPText()[pri:7, instance:com.cloudmiracle.qa.testcases.LoginPageTestcases@53251a66]" started-at="2022-06-14T17:46:10Z" name="verifySignUPText" finished-at="2022-06-14T17:46:10Z" duration-ms="31" status="PASS">
          <reporter-output>
          </reporter-output>
        </test-method> <!-- verifySignUPText -->
        <test-method is-config="true" signature="tearDown()[pri:0, instance:com.cloudmiracle.qa.testcases.LoginPageTestcases@53251a66]" started-at="2022-06-14T17:46:10Z" name="tearDown" finished-at="2022-06-14T17:46:11Z" duration-ms="118" status="PASS">
          <reporter-output>
          </reporter-output>
        </test-method> <!-- tearDown -->
        <test-method is-config="true" signature="setup()[pri:0, instance:com.cloudmiracle.qa.testcases.LoginPageTestcases@53251a66]" started-at="2022-06-14T17:46:33Z" name="setup" finished-at="2022-06-14T17:46:38Z" duration-ms="5825" status="PASS">
          <reporter-output>
          </reporter-output>
        </test-method> <!-- setup -->
        <test-method signature="verifySignUPLinkFunctionality()[pri:8, instance:com.cloudmiracle.qa.testcases.LoginPageTestcases@53251a66]" started-at="2022-06-14T17:46:38Z" name="verifySignUPLinkFunctionality" finished-at="2022-06-14T17:46:42Z" duration-ms="3091" status="PASS">
          <reporter-output>
          </reporter-output>
        </test-method> <!-- verifySignUPLinkFunctionality -->
        <test-method is-config="true" signature="tearDown()[pri:0, instance:com.cloudmiracle.qa.testcases.LoginPageTestcases@53251a66]" started-at="2022-06-14T17:46:42Z" name="tearDown" finished-at="2022-06-14T17:46:42Z" duration-ms="155" status="PASS">
          <reporter-output>
          </reporter-output>
        </test-method> <!-- tearDown -->
        <test-method is-config="true" signature="setup()[pri:0, instance:com.cloudmiracle.qa.testcases.LoginPageTestcases@53251a66]" started-at="2022-06-14T17:47:05Z" name="setup" finished-at="2022-06-14T17:47:11Z" duration-ms="5869" status="PASS">
          <reporter-output>
          </reporter-output>
        </test-method> <!-- setup -->
        <test-method signature="verifyForgetPWDLink()[pri:9, instance:com.cloudmiracle.qa.testcases.LoginPageTestcases@53251a66]" started-at="2022-06-14T17:47:11Z" name="verifyForgetPWDLink" finished-at="2022-06-14T17:47:11Z" duration-ms="32" status="PASS">
          <reporter-output>
          </reporter-output>
        </test-method> <!-- verifyForgetPWDLink -->
        <test-method is-config="true" signature="tearDown()[pri:0, instance:com.cloudmiracle.qa.testcases.LoginPageTestcases@53251a66]" started-at="2022-06-14T17:47:11Z" name="tearDown" finished-at="2022-06-14T17:47:11Z" duration-ms="75" status="PASS">
          <reporter-output>
          </reporter-output>
        </test-method> <!-- tearDown -->
        <test-method is-config="true" signature="setup()[pri:0, instance:com.cloudmiracle.qa.testcases.LoginPageTestcases@53251a66]" started-at="2022-06-14T17:47:38Z" name="setup" finished-at="2022-06-14T17:47:44Z" duration-ms="5913" status="PASS">
          <reporter-output>
          </reporter-output>
        </test-method> <!-- setup -->
        <test-method signature="verifyForgotPWDLinkEnable()[pri:10, instance:com.cloudmiracle.qa.testcases.LoginPageTestcases@53251a66]" started-at="2022-06-14T17:47:44Z" name="verifyForgotPWDLinkEnable" finished-at="2022-06-14T17:47:44Z" duration-ms="26" status="PASS">
          <reporter-output>
          </reporter-output>
        </test-method> <!-- verifyForgotPWDLinkEnable -->
        <test-method is-config="true" signature="tearDown()[pri:0, instance:com.cloudmiracle.qa.testcases.LoginPageTestcases@53251a66]" started-at="2022-06-14T17:47:44Z" name="tearDown" finished-at="2022-06-14T17:47:44Z" duration-ms="75" status="PASS">
          <reporter-output>
          </reporter-output>
        </test-method> <!-- tearDown -->
        <test-method is-config="true" signature="setup()[pri:0, instance:com.cloudmiracle.qa.testcases.LoginPageTestcases@53251a66]" started-at="2022-06-14T17:48:07Z" name="setup" finished-at="2022-06-14T17:48:14Z" duration-ms="6436" status="PASS">
          <reporter-output>
          </reporter-output>
        </test-method> <!-- setup -->
        <test-method signature="verifyForgotPWDLinkFunctionality()[pri:11, instance:com.cloudmiracle.qa.testcases.LoginPageTestcases@53251a66]" started-at="2022-06-14T17:48:14Z" name="verifyForgotPWDLinkFunctionality" finished-at="2022-06-14T17:48:16Z" duration-ms="2185" status="PASS">
          <reporter-output>
          </reporter-output>
        </test-method> <!-- verifyForgotPWDLinkFunctionality -->
        <test-method is-config="true" signature="tearDown()[pri:0, instance:com.cloudmiracle.qa.testcases.LoginPageTestcases@53251a66]" started-at="2022-06-14T17:48:16Z" name="tearDown" finished-at="2022-06-14T17:48:16Z" duration-ms="85" status="PASS">
          <reporter-output>
          </reporter-output>
        </test-method> <!-- tearDown -->
        <test-method is-config="true" signature="setup()[pri:0, instance:com.cloudmiracle.qa.testcases.LoginPageTestcases@53251a66]" started-at="2022-06-14T17:48:41Z" name="setup" finished-at="2022-06-14T17:48:47Z" duration-ms="5922" status="PASS">
          <reporter-output>
          </reporter-output>
        </test-method> <!-- setup -->
        <test-method signature="verifyLoginFunctionality(java.lang.String, java.lang.String)[pri:12, instance:com.cloudmiracle.qa.testcases.LoginPageTestcases@53251a66]" started-at="2022-06-14T17:48:47Z" name="verifyLoginFunctionality" data-provider="getLoginTestData" finished-at="2022-06-14T17:48:49Z" duration-ms="2183" status="PASS">
          <params>
            <param index="0">
              <value>
                <![CDATA[mp]]>
              </value>
            </param>
            <param index="1">
              <value>
                <![CDATA[mp]]>
              </value>
            </param>
          </params>
          <reporter-output>
          </reporter-output>
        </test-method> <!-- verifyLoginFunctionality -->
        <test-method is-config="true" signature="tearDown()[pri:0, instance:com.cloudmiracle.qa.testcases.LoginPageTestcases@53251a66]" started-at="2022-06-14T17:48:49Z" name="tearDown" finished-at="2022-06-14T17:48:49Z" duration-ms="85" status="PASS">
          <reporter-output>
          </reporter-output>
        </test-method> <!-- tearDown -->
        <test-method is-config="true" signature="setup()[pri:0, instance:com.cloudmiracle.qa.testcases.LoginPageTestcases@53251a66]" started-at="2022-06-14T17:48:49Z" name="setup" finished-at="2022-06-14T17:48:55Z" duration-ms="6121" status="PASS">
          <reporter-output>
          </reporter-output>
        </test-method> <!-- setup -->
        <test-method signature="verifyLoginFunctionality(java.lang.String, java.lang.String)[pri:12, instance:com.cloudmiracle.qa.testcases.LoginPageTestcases@53251a66]" started-at="2022-06-14T17:48:55Z" name="verifyLoginFunctionality" data-provider="getLoginTestData" finished-at="2022-06-14T17:48:57Z" duration-ms="2348" status="PASS">
          <params>
            <param index="0">
              <value>
                <![CDATA[pc]]>
              </value>
            </param>
            <param index="1">
              <value>
                <![CDATA[123]]>
              </value>
            </param>
          </params>
          <reporter-output>
          </reporter-output>
        </test-method> <!-- verifyLoginFunctionality -->
        <test-method is-config="true" signature="tearDown()[pri:0, instance:com.cloudmiracle.qa.testcases.LoginPageTestcases@53251a66]" started-at="2022-06-14T17:48:57Z" name="tearDown" finished-at="2022-06-14T17:48:57Z" duration-ms="85" status="PASS">
          <reporter-output>
          </reporter-output>
        </test-method> <!-- tearDown -->
      </class> <!-- com.cloudmiracle.qa.testcases.LoginPageTestcases -->
    </test> <!-- Test -->
  </suite> <!-- Suite -->
</testng-results>
